/*********************************** [@2017/8/16 13:45:52] ***********************************/
{Message:无法加载 DLL“mwrf32.dll”: 找不到指定的模块。 (异常来自 HRESULT:0x8007007E)。}{Operation:}{Source:POSApplication}
/*********************************** [@2017/8/16 13:45:53] ***********************************/
{Message:索引超出了数组界限。}{Operation:更新购物单总金额和总数量，发送到客显}{Source:POSApplication}
/*********************************** [@2017/8/16 13:46:02] ***********************************/
{Message:索引超出了数组界限。}{Operation:frmPay.cs}{Source:UpdateDisplay()}
/*********************************** [@2017/8/16 13:46:08] ***********************************/
{Message:索引超出了数组界限。}{Operation:frmPay.cs}{Source:UpdateDisplay()}
/*********************************** [@2017/8/16 13:46:08] ***********************************/
{Message:索引超出了数组界限。}{Operation:frmPay.cs}{Source:UpdateDisplay()}
/*********************************** [@2017/8/16 13:46:09] ***********************************/
{Message:索引超出了数组界限。}{Operation:frmPay.cs}{Source:UpdateDisplay()}
/*********************************** [@2017/8/16 13:46:10] ***********************************/
{Message:索引超出了数组界限。}{Operation:更新购物单总金额和总数量，发送到客显}{Source:POSApplication}
/*********************************** [@2017/8/16 13:47:37] ***********************************/
{Message:无法加载 DLL“mwrf32.dll”: 找不到指定的模块。 (异常来自 HRESULT:0x8007007E)。}{Operation:}{Source:POSApplication}
/*********************************** [@2017/8/16 13:47:37] ***********************************/
{Message:索引超出了数组界限。}{Operation:更新购物单总金额和总数量，发送到客显}{Source:POSApplication}
/*********************************** [@2017/8/16 13:47:45] ***********************************/
{Message:索引超出了数组界限。}{Operation:frmPay.cs}{Source:UpdateDisplay()}
/*********************************** [@2017/8/16 13:47:48] ***********************************/
{Message:索引超出了数组界限。}{Operation:frmPay.cs}{Source:UpdateDisplay()}
/*********************************** [@2017/8/16 13:47:48] ***********************************/
{Message:索引超出了数组界限。}{Operation:frmPay.cs}{Source:UpdateDisplay()}
/*********************************** [@2017/8/16 13:47:49] ***********************************/
{Message:索引超出了数组界限。}{Operation:frmPay.cs}{Source:UpdateDisplay()}
/*********************************** [@2017/8/16 13:47:50] ***********************************/
{Message:索引超出了数组界限。}{Operation:更新购物单总金额和总数量，发送到客显}{Source:POSApplication}
/*********************************** [@2017/8/16 13:48:06] ***********************************/
{Message:索引超出了数组界限。}{Operation:frmPay.cs}{Source:UpdateDisplay()}
/*********************************** [@2017/8/16 13:48:10] ***********************************/
{Message:索引超出了数组界限。}{Operation:frmPay.cs}{Source:UpdateDisplay()}
/*********************************** [@2017/8/16 13:48:10] ***********************************/
{Message:索引超出了数组界限。}{Operation:frmPay.cs}{Source:UpdateDisplay()}
/*********************************** [@2017/8/16 13:48:12] ***********************************/
{Message:索引超出了数组界限。}{Operation:frmPay.cs}{Source:UpdateDisplay()}
/*********************************** [@2017/8/16 13:48:13] ***********************************/
{Message:索引超出了数组界限。}{Operation:更新购物单总金额和总数量，发送到客显}{Source:POSApplication}
/*********************************** [@2017/8/16 13:48:21] ***********************************/
{Message:未能找到路径“Z:\pos01\bak\xb170816.dbf”的一部分。}{Operation:上传单日销售明细数据}{Source:mscorlib}
/*********************************** [@2017/8/16 13:50:02] ***********************************/
{Message:无法加载 DLL“mwrf32.dll”: 找不到指定的模块。 (异常来自 HRESULT:0x8007007E)。}{Operation:}{Source:POSApplication}
/*********************************** [@2017/8/16 13:50:02] ***********************************/
{Message:索引超出了数组界限。}{Operation:更新购物单总金额和总数量，发送到客显}{Source:POSApplication}
/*********************************** [@2017/8/16 13:50:09] ***********************************/
{Message:索引超出了数组界限。}{Operation:frmPay.cs}{Source:UpdateDisplay()}
/*********************************** [@2017/8/16 13:50:11] ***********************************/
{Message:索引超出了数组界限。}{Operation:frmPay.cs}{Source:UpdateDisplay()}
/*********************************** [@2017/8/16 13:50:11] ***********************************/
{Message:索引超出了数组界限。}{Operation:frmPay.cs}{Source:UpdateDisplay()}
/*********************************** [@2017/8/16 13:50:12] ***********************************/
{Message:索引超出了数组界限。}{Operation:frmPay.cs}{Source:UpdateDisplay()}
/*********************************** [@2017/8/16 13:50:12] ***********************************/
{Message:索引超出了数组界限。}{Operation:更新购物单总金额和总数量，发送到客显}{Source:POSApplication}
/*********************************** [@2017/8/16 13:52:34] ***********************************/
{Message:索引超出了数组界限。}{Operation:frmPay.cs}{Source:UpdateDisplay()}
/*********************************** [@2017/8/16 13:52:37] ***********************************/
{Message:索引超出了数组界限。}{Operation:frmPay.cs}{Source:UpdateDisplay()}
/*********************************** [@2017/8/16 13:52:37] ***********************************/
{Message:索引超出了数组界限。}{Operation:frmPay.cs}{Source:UpdateDisplay()}
/*********************************** [@2017/8/16 13:52:39] ***********************************/
{Message:索引超出了数组界限。}{Operation:frmPay.cs}{Source:UpdateDisplay()}
/*********************************** [@2017/8/16 13:52:39] ***********************************/
{Message:索引超出了数组界限。}{Operation:更新购物单总金额和总数量，发送到客显}{Source:POSApplication}
/*********************************** [@2017/8/16 13:53:52] ***********************************/
{Message:无法加载 DLL“mwrf32.dll”: 找不到指定的模块。 (异常来自 HRESULT:0x8007007E)。}{Operation:}{Source:POSApplication}
/*********************************** [@2017/8/16 13:53:52] ***********************************/
{Message:索引超出了数组界限。}{Operation:更新购物单总金额和总数量，发送到客显}{Source:POSApplication}
/*********************************** [@2017/8/16 13:53:58] ***********************************/
{Message:索引超出了数组界限。}{Operation:frmPay.cs}{Source:UpdateDisplay()}
/*********************************** [@2017/8/16 13:54:00] ***********************************/
{Message:索引超出了数组界限。}{Operation:frmPay.cs}{Source:UpdateDisplay()}
/*********************************** [@2017/8/16 13:54:00] ***********************************/
{Message:索引超出了数组界限。}{Operation:frmPay.cs}{Source:UpdateDisplay()}
/*********************************** [@2017/8/16 13:54:01] ***********************************/
{Message:索引超出了数组界限。}{Operation:frmPay.cs}{Source:UpdateDisplay()}
/*********************************** [@2017/8/16 13:54:01] ***********************************/
{Message:索引超出了数组界限。}{Operation:更新购物单总金额和总数量，发送到客显}{Source:POSApplication}
/*********************************** [@2017/8/16 13:56:18] ***********************************/
{Message:无法加载 DLL“mwrf32.dll”: 找不到指定的模块。 (异常来自 HRESULT:0x8007007E)。}{Operation:}{Source:POSApplication}
/*********************************** [@2017/8/16 13:56:19] ***********************************/
{Message:索引超出了数组界限。}{Operation:更新购物单总金额和总数量，发送到客显}{Source:POSApplication}
/*********************************** [@2017/8/16 13:56:26] ***********************************/
{Message:索引超出了数组界限。}{Operation:frmPay.cs}{Source:UpdateDisplay()}
/*********************************** [@2017/8/16 13:56:28] ***********************************/
{Message:索引超出了数组界限。}{Operation:frmPay.cs}{Source:UpdateDisplay()}
/*********************************** [@2017/8/16 13:56:28] ***********************************/
{Message:索引超出了数组界限。}{Operation:frmPay.cs}{Source:UpdateDisplay()}
/*********************************** [@2017/8/16 13:56:29] ***********************************/
{Message:索引超出了数组界限。}{Operation:frmPay.cs}{Source:UpdateDisplay()}
/*********************************** [@2017/8/16 13:56:30] ***********************************/
{Message:索引超出了数组界限。}{Operation:更新购物单总金额和总数量，发送到客显}{Source:POSApplication}
/*********************************** [@2017/8/16 14:01:26] ***********************************/
{Message:无法加载 DLL“mwrf32.dll”: 找不到指定的模块。 (异常来自 HRESULT:0x8007007E)。}{Operation:}{Source:POSApplication}
/*********************************** [@2017/8/16 14:01:27] ***********************************/
{Message:索引超出了数组界限。}{Operation:更新购物单总金额和总数量，发送到客显}{Source:POSApplication}
/*********************************** [@2017/8/16 14:01:34] ***********************************/
{Message:索引超出了数组界限。}{Operation:frmPay.cs}{Source:UpdateDisplay()}
/*********************************** [@2017/8/16 14:01:36] ***********************************/
{Message:索引超出了数组界限。}{Operation:frmPay.cs}{Source:UpdateDisplay()}
/*********************************** [@2017/8/16 14:01:36] ***********************************/
{Message:索引超出了数组界限。}{Operation:frmPay.cs}{Source:UpdateDisplay()}
/*********************************** [@2017/8/16 14:01:36] ***********************************/
{Message:索引超出了数组界限。}{Operation:frmPay.cs}{Source:UpdateDisplay()}
/*********************************** [@2017/8/16 14:01:37] ***********************************/
{Message:索引超出了数组界限。}{Operation:更新购物单总金额和总数量，发送到客显}{Source:POSApplication}
/*********************************** [@2017/8/16 14:03:22] ***********************************/
{Message:无法加载 DLL“mwrf32.dll”: 找不到指定的模块。 (异常来自 HRESULT:0x8007007E)。}{Operation:}{Source:POSApplication}
/*********************************** [@2017/8/16 14:03:23] ***********************************/
{Message:索引超出了数组界限。}{Operation:更新购物单总金额和总数量，发送到客显}{Source:POSApplication}
/*********************************** [@2017/8/16 14:03:28] ***********************************/
{Message:索引超出了数组界限。}{Operation:frmPay.cs}{Source:UpdateDisplay()}
/*********************************** [@2017/8/16 14:03:30] ***********************************/
{Message:索引超出了数组界限。}{Operation:frmPay.cs}{Source:UpdateDisplay()}
/*********************************** [@2017/8/16 14:03:30] ***********************************/
{Message:索引超出了数组界限。}{Operation:frmPay.cs}{Source:UpdateDisplay()}
/*********************************** [@2017/8/16 14:03:31] ***********************************/
{Message:索引超出了数组界限。}{Operation:frmPay.cs}{Source:UpdateDisplay()}
/*********************************** [@2017/8/16 14:03:31] ***********************************/
{Message:索引超出了数组界限。}{Operation:更新购物单总金额和总数量，发送到客显}{Source:POSApplication}
/*********************************** [@2017/8/16 14:04:05] ***********************************/
{Message:无法加载 DLL“mwrf32.dll”: 找不到指定的模块。 (异常来自 HRESULT:0x8007007E)。}{Operation:}{Source:POSApplication}
/*********************************** [@2017/8/16 14:04:05] ***********************************/
{Message:索引超出了数组界限。}{Operation:更新购物单总金额和总数量，发送到客显}{Source:POSApplication}
/*********************************** [@2017/8/16 14:04:11] ***********************************/
{Message:索引超出了数组界限。}{Operation:frmPay.cs}{Source:UpdateDisplay()}
/*********************************** [@2017/8/16 14:04:13] ***********************************/
{Message:索引超出了数组界限。}{Operation:frmPay.cs}{Source:UpdateDisplay()}
/*********************************** [@2017/8/16 14:04:13] ***********************************/
{Message:索引超出了数组界限。}{Operation:frmPay.cs}{Source:UpdateDisplay()}
/*********************************** [@2017/8/16 14:04:13] ***********************************/
{Message:索引超出了数组界限。}{Operation:frmPay.cs}{Source:UpdateDisplay()}
/*********************************** [@2017/8/16 14:04:14] ***********************************/
{Message:索引超出了数组界限。}{Operation:更新购物单总金额和总数量，发送到客显}{Source:POSApplication}
/*********************************** [@2017/8/16 14:05:21] ***********************************/
{Message:无法加载 DLL“mwrf32.dll”: 找不到指定的模块。 (异常来自 HRESULT:0x8007007E)。}{Operation:}{Source:POSApplication}
/*********************************** [@2017/8/16 14:05:21] ***********************************/
{Message:索引超出了数组界限。}{Operation:更新购物单总金额和总数量，发送到客显}{Source:POSApplication}
/*********************************** [@2017/8/16 14:05:28] ***********************************/
{Message:索引超出了数组界限。}{Operation:frmPay.cs}{Source:UpdateDisplay()}
/*********************************** [@2017/8/16 14:05:30] ***********************************/
{Message:索引超出了数组界限。}{Operation:frmPay.cs}{Source:UpdateDisplay()}
/*********************************** [@2017/8/16 14:05:30] ***********************************/
{Message:索引超出了数组界限。}{Operation:frmPay.cs}{Source:UpdateDisplay()}
/*********************************** [@2017/8/16 14:05:31] ***********************************/
{Message:索引超出了数组界限。}{Operation:frmPay.cs}{Source:UpdateDisplay()}
/*********************************** [@2017/8/16 14:05:32] ***********************************/
{Message:索引超出了数组界限。}{Operation:更新购物单总金额和总数量，发送到客显}{Source:POSApplication}
/*********************************** [@2017/8/16 14:08:36] ***********************************/
{Message:索引超出了数组界限。}{Operation:更新购物单总金额和总数量，发送到客显}{Source:POSApplication}
/*********************************** [@2017/8/16 14:08:41] ***********************************/
{Message:索引超出了数组界限。}{Operation:更新购物单总金额和总数量，发送到客显}{Source:POSApplication}
/*********************************** [@2017/8/16 14:08:41] ***********************************/
{Message:索引超出了数组界限。}{Operation:更新购物单总金额和总数量，发送到客显}{Source:POSApplication}
/*********************************** [@2017/8/16 14:10:48] ***********************************/
{Message:无法加载 DLL“mwrf32.dll”: 找不到指定的模块。 (异常来自 HRESULT:0x8007007E)。}{Operation:}{Source:POSApplication}
/*********************************** [@2017/8/16 14:10:48] ***********************************/
{Message:索引超出了数组界限。}{Operation:更新购物单总金额和总数量，发送到客显}{Source:POSApplication}
/*********************************** [@2017/8/16 14:10:56] ***********************************/
{Message:索引超出了数组界限。}{Operation:更新购物单总金额和总数量，发送到客显}{Source:POSApplication}
/*********************************** [@2017/8/16 14:11:03] ***********************************/
{Message:索引超出了数组界限。}{Operation:更新购物单总金额和总数量，发送到客显}{Source:POSApplication}
/*********************************** [@2017/8/16 14:11:03] ***********************************/
{Message:索引超出了数组界限。}{Operation:更新购物单总金额和总数量，发送到客显}{Source:POSApplication}
