/*********************************** [@2017/7/28 9:28:57] ***********************************/
{Message:无法加载 DLL“mwrf32.dll”: 找不到指定的模块。 (异常来自 HRESULT:0x8007007E)。}{Operation:}{Source:POSApplication}
/*********************************** [@2017/7/28 9:28:57] ***********************************/
{Message:索引超出了数组界限。}{Operation:更新购物单总金额和总数量，发送到客显}{Source:POSApplication}
/*********************************** [@2017/7/28 9:34:16] ***********************************/
{Message:无法加载 DLL“mwrf32.dll”: 找不到指定的模块。 (异常来自 HRESULT:0x8007007E)。}{Operation:}{Source:POSApplication}
/*********************************** [@2017/7/28 9:34:16] ***********************************/
{Message:索引超出了数组界限。}{Operation:更新购物单总金额和总数量，发送到客显}{Source:POSApplication}
/*********************************** [@2017/7/28 9:34:44] ***********************************/
{Message:索引超出了数组界限。}{Operation:frmPay.cs}{Source:UpdateDisplay()}
/*********************************** [@2017/7/28 9:35:45] ***********************************/
{Message:索引超出了数组界限。}{Operation:frmPay.cs}{Source:UpdateDisplay()}
/*********************************** [@2017/7/28 9:38:54] ***********************************/
{Message:无法加载 DLL“mwrf32.dll”: 找不到指定的模块。 (异常来自 HRESULT:0x8007007E)。}{Operation:}{Source:POSApplication}
/*********************************** [@2017/7/28 9:47:49] ***********************************/
{Message:索引超出了数组界限。}{Operation:frmPay.cs}{Source:UpdateDisplay()}
/*********************************** [@2017/7/28 9:48:10] ***********************************/
{Message:索引超出了数组界限。}{Operation:frmPay.cs}{Source:UpdateDisplay()}
/*********************************** [@2017/7/28 9:52:13] ***********************************/
{Message:索引超出了数组界限。}{Operation:frmPay.cs}{Source:UpdateDisplay()}
/*********************************** [@2017/7/28 9:57:31] ***********************************/
{Message:索引超出了数组界限。}{Operation:frmPay.cs}{Source:UpdateDisplay()}
/*********************************** [@2017/7/28 9:57:50] ***********************************/
{Message:索引超出了数组界限。}{Operation:frmPay.cs}{Source:UpdateDisplay()}
/*********************************** [@2017/7/28 10:05:34] ***********************************/
{Message:未能找到文件“D:\POSApplication2-0719\POSApplication\bin\Release\Data\pos.tab”。}{Operation:向服务端放 pos.tab}{Source:mscorlib}
/*********************************** [@2017/7/28 10:05:36] ***********************************/
{Message:索引超出了数组界限。}{Operation:更新购物单总金额和总数量，发送到客显}{Source:POSApplication}
/*********************************** [@2017/7/28 10:05:51] ***********************************/
{Message:索引超出了数组界限。}{Operation:frmPay.cs}{Source:UpdateDisplay()}
/*********************************** [@2017/7/28 10:10:18] ***********************************/
{Message:索引超出了数组界限。}{Operation:frmPay.cs}{Source:UpdateDisplay()}
/*********************************** [@2017/7/28 10:13:07] ***********************************/
{Message:索引超出了数组界限。}{Operation:frmPay.cs}{Source:UpdateDisplay()}
/*********************************** [@2017/7/28 10:16:30] ***********************************/
{Message:索引超出了数组界限。}{Operation:frmPay.cs}{Source:UpdateDisplay()}
/*********************************** [@2017/7/28 10:20:49] ***********************************/
{Message:索引超出了数组界限。}{Operation:frmPay.cs}{Source:UpdateDisplay()}
/*********************************** [@2017/7/28 10:50:00] ***********************************/
{Message:未能找到路径“Z:\pos01\bak\xb170728.dbf”的一部分。}{Operation:上传单日销售明细数据}{Source:mscorlib}
/*********************************** [@2017/7/28 10:50:00] ***********************************/
{Message:未能找到路径“Z:\pos01\bak\xb170728.dbf”的一部分。}{Operation:上传单日销售明细数据}{Source:mscorlib}
/*********************************** [@2017/7/28 10:50:00] ***********************************/
{Message:未能找到路径“Z:\pos01\bak\xb170728.dbf”的一部分。}{Operation:上传单日销售明细数据}{Source:mscorlib}
/*********************************** [@2017/7/28 10:50:00] ***********************************/
{Message:未能找到路径“Z:\pos01\bak\xb170728.dbf”的一部分。}{Operation:上传单日销售明细数据}{Source:mscorlib}
/*********************************** [@2017/7/28 10:50:00] ***********************************/
{Message:未能找到路径“Z:\pos01\bak\xb170728.dbf”的一部分。}{Operation:上传单日销售明细数据}{Source:mscorlib}
/*********************************** [@2017/7/28 10:50:00] ***********************************/
{Message:未能找到路径“Z:\pos01\bak\xb170728.dbf”的一部分。}{Operation:上传单日销售明细数据}{Source:mscorlib}
/*********************************** [@2017/7/28 10:50:00] ***********************************/
{Message:未能找到路径“Z:\pos01\bak\xb170728.dbf”的一部分。}{Operation:上传单日销售明细数据}{Source:mscorlib}
/*********************************** [@2017/7/28 10:50:00] ***********************************/
{Message:未能找到路径“Z:\pos01\bak\xb170728.dbf”的一部分。}{Operation:上传单日销售明细数据}{Source:mscorlib}
/*********************************** [@2017/7/28 10:50:00] ***********************************/
{Message:未能找到路径“Z:\pos01\bak\xb170728.dbf”的一部分。}{Operation:上传单日销售明细数据}{Source:mscorlib}
/*********************************** [@2017/7/28 11:10:00] ***********************************/
{Message:未能找到路径“Z:\pos01\bak\xb170728.dbf”的一部分。}{Operation:上传单日销售明细数据}{Source:mscorlib}
/*********************************** [@2017/7/28 11:10:00] ***********************************/
{Message:未能找到路径“Z:\pos01\bak\xb170728.dbf”的一部分。}{Operation:上传单日销售明细数据}{Source:mscorlib}
/*********************************** [@2017/7/28 11:10:00] ***********************************/
{Message:未能找到路径“Z:\pos01\bak\xb170728.dbf”的一部分。}{Operation:上传单日销售明细数据}{Source:mscorlib}
/*********************************** [@2017/7/28 11:10:00] ***********************************/
{Message:未能找到路径“Z:\pos01\bak\xb170728.dbf”的一部分。}{Operation:上传单日销售明细数据}{Source:mscorlib}
/*********************************** [@2017/7/28 11:10:00] ***********************************/
{Message:未能找到路径“Z:\pos01\bak\xb170728.dbf”的一部分。}{Operation:上传单日销售明细数据}{Source:mscorlib}
/*********************************** [@2017/7/28 11:10:00] ***********************************/
{Message:未能找到路径“Z:\pos01\bak\xb170728.dbf”的一部分。}{Operation:上传单日销售明细数据}{Source:mscorlib}
/*********************************** [@2017/7/28 11:10:00] ***********************************/
{Message:未能找到路径“Z:\pos01\bak\xb170728.dbf”的一部分。}{Operation:上传单日销售明细数据}{Source:mscorlib}
/*********************************** [@2017/7/28 11:10:00] ***********************************/
{Message:未能找到路径“Z:\pos01\bak\xb170728.dbf”的一部分。}{Operation:上传单日销售明细数据}{Source:mscorlib}
/*********************************** [@2017/7/28 11:10:00] ***********************************/
{Message:未能找到路径“Z:\pos01\bak\xb170728.dbf”的一部分。}{Operation:上传单日销售明细数据}{Source:mscorlib}
/*********************************** [@2017/7/28 13:12:57] ***********************************/
{Message:未能找到文件“D:\POSApplication2-0719\POSApplication\bin\Release\Data\pos.tab”。}{Operation:向服务端放 pos.tab}{Source:mscorlib}
/*********************************** [@2017/7/28 13:12:57] ***********************************/
{Message:索引超出了数组界限。}{Operation:更新购物单总金额和总数量，发送到客显}{Source:POSApplication}
/*********************************** [@2017/7/28 13:17:32] ***********************************/
{Message:无法加载 DLL“mwrf32.dll”: 找不到指定的模块。 (异常来自 HRESULT:0x8007007E)。}{Operation:}{Source:POSApplication}
/*********************************** [@2017/7/28 13:20:41] ***********************************/
{Message:未能找到文件“D:\POSApplication2-0719\POSApplication\bin\Release\Data\pos.tab”。}{Operation:向服务端放 pos.tab}{Source:mscorlib}
/*********************************** [@2017/7/28 13:20:41] ***********************************/
{Message:索引超出了数组界限。}{Operation:更新购物单总金额和总数量，发送到客显}{Source:POSApplication}
/*********************************** [@2017/7/28 13:25:21] ***********************************/
{Message:无法加载 DLL“mwrf32.dll”: 找不到指定的模块。 (异常来自 HRESULT:0x8007007E)。}{Operation:}{Source:POSApplication}
/*********************************** [@2017/7/28 13:33:55] ***********************************/
{Message:无法加载 DLL“mwrf32.dll”: 找不到指定的模块。 (异常来自 HRESULT:0x8007007E)。}{Operation:}{Source:POSApplication}
/*********************************** [@2017/7/28 13:39:43] ***********************************/
{Message:无法加载 DLL“mwrf32.dll”: 找不到指定的模块。 (异常来自 HRESULT:0x8007007E)。}{Operation:}{Source:POSApplication}
/*********************************** [@2017/7/28 13:49:15] ***********************************/
{Message:无法加载 DLL“mwrf32.dll”: 找不到指定的模块。 (异常来自 HRESULT:0x8007007E)。}{Operation:}{Source:POSApplication}
/*********************************** [@2017/7/28 14:11:12] ***********************************/
{Message:指定的网络名不再可用。
}{Operation:上传单日销售明细数据}{Source:mscorlib}
/*********************************** [@2017/7/28 14:40:07] ***********************************/
{Message:指定的网络名不再可用。
}{Operation:上传单日销售明细数据}{Source:mscorlib}
/*********************************** [@2017/7/28 15:00:08] ***********************************/
{Message:指定的网络名不再可用。
}{Operation:上传单日销售明细数据}{Source:mscorlib}
/*********************************** [@2017/7/28 15:30:07] ***********************************/
{Message:指定的网络名不再可用。
}{Operation:上传单日销售明细数据}{Source:mscorlib}
/*********************************** [@2017/7/28 16:20:00] ***********************************/
{Message:未能找到路径“Z:\pos01\bak\xb170728.dbf”的一部分。}{Operation:上传单日销售明细数据}{Source:mscorlib}
/*********************************** [@2017/7/28 16:20:00] ***********************************/
{Message:未能找到路径“Z:\pos01\bak\xb170728.dbf”的一部分。}{Operation:上传单日销售明细数据}{Source:mscorlib}
/*********************************** [@2017/7/28 16:20:00] ***********************************/
{Message:未能找到路径“Z:\pos01\bak\xb170728.dbf”的一部分。}{Operation:上传单日销售明细数据}{Source:mscorlib}
/*********************************** [@2017/7/28 16:20:00] ***********************************/
{Message:未能找到路径“Z:\pos01\bak\xb170728.dbf”的一部分。}{Operation:上传单日销售明细数据}{Source:mscorlib}
/*********************************** [@2017/7/28 16:20:00] ***********************************/
{Message:未能找到路径“Z:\pos01\bak\xb170728.dbf”的一部分。}{Operation:上传单日销售明细数据}{Source:mscorlib}
/*********************************** [@2017/7/28 16:20:00] ***********************************/
{Message:未能找到路径“Z:\pos01\bak\xb170728.dbf”的一部分。}{Operation:上传单日销售明细数据}{Source:mscorlib}
/*********************************** [@2017/7/28 16:20:00] ***********************************/
{Message:未能找到路径“Z:\pos01\bak\xb170728.dbf”的一部分。}{Operation:上传单日销售明细数据}{Source:mscorlib}
/*********************************** [@2017/7/28 16:50:01] ***********************************/
{Message:未能找到路径“Z:\pos01\bak\xb170728.dbf”的一部分。}{Operation:上传单日销售明细数据}{Source:mscorlib}
/*********************************** [@2017/7/28 17:10:01] ***********************************/
{Message:未能找到路径“Z:\pos01\bak\xb170728.dbf”的一部分。}{Operation:上传单日销售明细数据}{Source:mscorlib}
