/*********************************** [@2017/7/26 13:55:27] ***********************************/
{Message:无法加载 DLL“mwrf32.dll”: 找不到指定的模块。 (异常来自 HRESULT:0x8007007E)。}{Operation:}{Source:POSApplication}
/*********************************** [@2017/7/26 14:03:35] ***********************************/
{Message:无法加载 DLL“mwrf32.dll”: 找不到指定的模块。 (异常来自 HRESULT:0x8007007E)。}{Operation:}{Source:POSApplication}
/*********************************** [@2017/7/26 14:03:45] ***********************************/
{Message:索引超出了数组界限。}{Operation:更新购物单总金额和总数量，发送到客显}{Source:POSApplication}
/*********************************** [@2017/7/26 14:06:56] ***********************************/
{Message:索引超出了数组界限。}{Operation:更新购物单总金额和总数量，发送到客显}{Source:POSApplication}
/*********************************** [@2017/7/26 14:22:11] ***********************************/
{Message:无法加载 DLL“mwrf32.dll”: 找不到指定的模块。 (异常来自 HRESULT:0x8007007E)。}{Operation:}{Source:POSApplication}
/*********************************** [@2017/7/26 14:22:11] ***********************************/
{Message:索引超出了数组界限。}{Operation:更新购物单总金额和总数量，发送到客显}{Source:POSApplication}
/*********************************** [@2017/7/26 14:40:00] ***********************************/
{Message:未能找到路径“Z:\pos01\bak\xb170726.dbf”的一部分。}{Operation:上传单日销售明细数据}{Source:mscorlib}
/*********************************** [@2017/7/26 14:40:00] ***********************************/
{Message:未能找到路径“Z:\pos01\bak\xb170726.dbf”的一部分。}{Operation:上传单日销售明细数据}{Source:mscorlib}
/*********************************** [@2017/7/26 14:40:00] ***********************************/
{Message:未能找到路径“Z:\pos01\bak\xb170726.dbf”的一部分。}{Operation:上传单日销售明细数据}{Source:mscorlib}
/*********************************** [@2017/7/26 14:40:00] ***********************************/
{Message:未能找到路径“Z:\pos01\bak\xb170726.dbf”的一部分。}{Operation:上传单日销售明细数据}{Source:mscorlib}
/*********************************** [@2017/7/26 14:40:00] ***********************************/
{Message:未能找到路径“Z:\pos01\bak\xb170726.dbf”的一部分。}{Operation:上传单日销售明细数据}{Source:mscorlib}
/*********************************** [@2017/7/26 14:40:00] ***********************************/
{Message:未能找到路径“Z:\pos01\bak\xb170726.dbf”的一部分。}{Operation:上传单日销售明细数据}{Source:mscorlib}
/*********************************** [@2017/7/26 14:40:00] ***********************************/
{Message:未能找到路径“Z:\pos01\bak\xb170726.dbf”的一部分。}{Operation:上传单日销售明细数据}{Source:mscorlib}
/*********************************** [@2017/7/26 14:40:00] ***********************************/
{Message:未能找到路径“Z:\pos01\bak\xb170726.dbf”的一部分。}{Operation:上传单日销售明细数据}{Source:mscorlib}
/*********************************** [@2017/7/26 14:40:00] ***********************************/
{Message:未能找到路径“Z:\pos01\bak\xb170726.dbf”的一部分。}{Operation:上传单日销售明细数据}{Source:mscorlib}
/*********************************** [@2017/7/26 15:00:00] ***********************************/
{Message:未能找到路径“Z:\pos01\bak\xb170726.dbf”的一部分。}{Operation:上传单日销售明细数据}{Source:mscorlib}
/*********************************** [@2017/7/26 15:00:00] ***********************************/
{Message:未能找到路径“Z:\pos01\bak\xb170726.dbf”的一部分。}{Operation:上传单日销售明细数据}{Source:mscorlib}
/*********************************** [@2017/7/26 15:00:00] ***********************************/
{Message:未能找到路径“Z:\pos01\bak\xb170726.dbf”的一部分。}{Operation:上传单日销售明细数据}{Source:mscorlib}
/*********************************** [@2017/7/26 15:00:00] ***********************************/
{Message:未能找到路径“Z:\pos01\bak\xb170726.dbf”的一部分。}{Operation:上传单日销售明细数据}{Source:mscorlib}
/*********************************** [@2017/7/26 15:00:00] ***********************************/
{Message:未能找到路径“Z:\pos01\bak\xb170726.dbf”的一部分。}{Operation:上传单日销售明细数据}{Source:mscorlib}
/*********************************** [@2017/7/26 15:00:00] ***********************************/
{Message:未能找到路径“Z:\pos01\bak\xb170726.dbf”的一部分。}{Operation:上传单日销售明细数据}{Source:mscorlib}
/*********************************** [@2017/7/26 15:00:00] ***********************************/
{Message:未能找到路径“Z:\pos01\bak\xb170726.dbf”的一部分。}{Operation:上传单日销售明细数据}{Source:mscorlib}
/*********************************** [@2017/7/26 15:00:00] ***********************************/
{Message:未能找到路径“Z:\pos01\bak\xb170726.dbf”的一部分。}{Operation:上传单日销售明细数据}{Source:mscorlib}
/*********************************** [@2017/7/26 15:00:00] ***********************************/
{Message:未能找到路径“Z:\pos01\bak\xb170726.dbf”的一部分。}{Operation:上传单日销售明细数据}{Source:mscorlib}
/*********************************** [@2017/7/26 15:30:00] ***********************************/
{Message:未能找到路径“Z:\pos01\bak\xb170726.dbf”的一部分。}{Operation:上传单日销售明细数据}{Source:mscorlib}
/*********************************** [@2017/7/26 15:30:00] ***********************************/
{Message:未能找到路径“Z:\pos01\bak\xb170726.dbf”的一部分。}{Operation:上传单日销售明细数据}{Source:mscorlib}
/*********************************** [@2017/7/26 15:30:00] ***********************************/
{Message:未能找到路径“Z:\pos01\bak\xb170726.dbf”的一部分。}{Operation:上传单日销售明细数据}{Source:mscorlib}
/*********************************** [@2017/7/26 15:30:00] ***********************************/
{Message:未能找到路径“Z:\pos01\bak\xb170726.dbf”的一部分。}{Operation:上传单日销售明细数据}{Source:mscorlib}
/*********************************** [@2017/7/26 15:30:00] ***********************************/
{Message:未能找到路径“Z:\pos01\bak\xb170726.dbf”的一部分。}{Operation:上传单日销售明细数据}{Source:mscorlib}
/*********************************** [@2017/7/26 15:30:00] ***********************************/
{Message:未能找到路径“Z:\pos01\bak\xb170726.dbf”的一部分。}{Operation:上传单日销售明细数据}{Source:mscorlib}
/*********************************** [@2017/7/26 15:30:00] ***********************************/
{Message:未能找到路径“Z:\pos01\bak\xb170726.dbf”的一部分。}{Operation:上传单日销售明细数据}{Source:mscorlib}
/*********************************** [@2017/7/26 15:30:00] ***********************************/
{Message:未能找到路径“Z:\pos01\bak\xb170726.dbf”的一部分。}{Operation:上传单日销售明细数据}{Source:mscorlib}
/*********************************** [@2017/7/26 15:30:00] ***********************************/
{Message:未能找到路径“Z:\pos01\bak\xb170726.dbf”的一部分。}{Operation:上传单日销售明细数据}{Source:mscorlib}
/*********************************** [@2017/7/26 15:59:14] ***********************************/
{Message:无法加载 DLL“mwrf32.dll”: 找不到指定的模块。 (异常来自 HRESULT:0x8007007E)。}{Operation:}{Source:POSApplication}
/*********************************** [@2017/7/26 15:59:14] ***********************************/
{Message:索引超出了数组界限。}{Operation:更新购物单总金额和总数量，发送到客显}{Source:POSApplication}
/*********************************** [@2017/7/26 16:22:36] ***********************************/
{Message:字符串的末尾有其他无法分析的字符。}{Operation:frmPay.cs}{Source:UpdateDisplay()}
/*********************************** [@2017/7/26 16:27:19] ***********************************/
{Message:字符串的末尾有其他无法分析的字符。}{Operation:frmPay.cs}{Source:UpdateDisplay()}
/*********************************** [@2017/7/26 16:50:00] ***********************************/
{Message:未能找到路径“Z:\pos01\bak\xb170726.dbf”的一部分。}{Operation:上传单日销售明细数据}{Source:mscorlib}
/*********************************** [@2017/7/26 16:50:00] ***********************************/
{Message:未能找到路径“Z:\pos01\bak\xb170726.dbf”的一部分。}{Operation:上传单日销售明细数据}{Source:mscorlib}
/*********************************** [@2017/7/26 16:50:00] ***********************************/
{Message:未能找到路径“Z:\pos01\bak\xb170726.dbf”的一部分。}{Operation:上传单日销售明细数据}{Source:mscorlib}
/*********************************** [@2017/7/26 16:50:00] ***********************************/
{Message:未能找到路径“Z:\pos01\bak\xb170726.dbf”的一部分。}{Operation:上传单日销售明细数据}{Source:mscorlib}
/*********************************** [@2017/7/26 16:50:00] ***********************************/
{Message:未能找到路径“Z:\pos01\bak\xb170726.dbf”的一部分。}{Operation:上传单日销售明细数据}{Source:mscorlib}
/*********************************** [@2017/7/26 16:50:00] ***********************************/
{Message:未能找到路径“Z:\pos01\bak\xb170726.dbf”的一部分。}{Operation:上传单日销售明细数据}{Source:mscorlib}
/*********************************** [@2017/7/26 16:50:00] ***********************************/
{Message:未能找到路径“Z:\pos01\bak\xb170726.dbf”的一部分。}{Operation:上传单日销售明细数据}{Source:mscorlib}
/*********************************** [@2017/7/26 16:50:00] ***********************************/
{Message:未能找到路径“Z:\pos01\bak\xb170726.dbf”的一部分。}{Operation:上传单日销售明细数据}{Source:mscorlib}
/*********************************** [@2017/7/26 16:50:00] ***********************************/
{Message:未能找到路径“Z:\pos01\bak\xb170726.dbf”的一部分。}{Operation:上传单日销售明细数据}{Source:mscorlib}
/*********************************** [@2017/7/26 17:10:00] ***********************************/
{Message:未能找到路径“Z:\pos01\bak\xb170726.dbf”的一部分。}{Operation:上传单日销售明细数据}{Source:mscorlib}
/*********************************** [@2017/7/26 17:10:00] ***********************************/
{Message:未能找到路径“Z:\pos01\bak\xb170726.dbf”的一部分。}{Operation:上传单日销售明细数据}{Source:mscorlib}
/*********************************** [@2017/7/26 17:10:00] ***********************************/
{Message:未能找到路径“Z:\pos01\bak\xb170726.dbf”的一部分。}{Operation:上传单日销售明细数据}{Source:mscorlib}
/*********************************** [@2017/7/26 17:10:00] ***********************************/
{Message:未能找到路径“Z:\pos01\bak\xb170726.dbf”的一部分。}{Operation:上传单日销售明细数据}{Source:mscorlib}
/*********************************** [@2017/7/26 17:10:00] ***********************************/
{Message:未能找到路径“Z:\pos01\bak\xb170726.dbf”的一部分。}{Operation:上传单日销售明细数据}{Source:mscorlib}
/*********************************** [@2017/7/26 17:10:00] ***********************************/
{Message:未能找到路径“Z:\pos01\bak\xb170726.dbf”的一部分。}{Operation:上传单日销售明细数据}{Source:mscorlib}
/*********************************** [@2017/7/26 17:10:00] ***********************************/
{Message:未能找到路径“Z:\pos01\bak\xb170726.dbf”的一部分。}{Operation:上传单日销售明细数据}{Source:mscorlib}
/*********************************** [@2017/7/26 17:10:00] ***********************************/
{Message:未能找到路径“Z:\pos01\bak\xb170726.dbf”的一部分。}{Operation:上传单日销售明细数据}{Source:mscorlib}
/*********************************** [@2017/7/26 17:10:00] ***********************************/
{Message:未能找到路径“Z:\pos01\bak\xb170726.dbf”的一部分。}{Operation:上传单日销售明细数据}{Source:mscorlib}
/*********************************** [@2017/7/26 17:40:00] ***********************************/
{Message:未能找到路径“Z:\pos01\bak\xb170726.dbf”的一部分。}{Operation:上传单日销售明细数据}{Source:mscorlib}
/*********************************** [@2017/7/26 17:40:00] ***********************************/
{Message:未能找到路径“Z:\pos01\bak\xb170726.dbf”的一部分。}{Operation:上传单日销售明细数据}{Source:mscorlib}
/*********************************** [@2017/7/26 17:40:00] ***********************************/
{Message:未能找到路径“Z:\pos01\bak\xb170726.dbf”的一部分。}{Operation:上传单日销售明细数据}{Source:mscorlib}
/*********************************** [@2017/7/26 17:40:01] ***********************************/
{Message:未能找到路径“Z:\pos01\bak\xb170726.dbf”的一部分。}{Operation:上传单日销售明细数据}{Source:mscorlib}
/*********************************** [@2017/7/26 18:00:00] ***********************************/
{Message:未能找到路径“Z:\pos01\bak\xb170726.dbf”的一部分。}{Operation:上传单日销售明细数据}{Source:mscorlib}
/*********************************** [@2017/7/26 18:00:00] ***********************************/
{Message:未能找到路径“Z:\pos01\bak\xb170726.dbf”的一部分。}{Operation:上传单日销售明细数据}{Source:mscorlib}
/*********************************** [@2017/7/26 18:00:00] ***********************************/
{Message:未能找到路径“Z:\pos01\bak\xb170726.dbf”的一部分。}{Operation:上传单日销售明细数据}{Source:mscorlib}
/*********************************** [@2017/7/26 18:00:00] ***********************************/
{Message:未能找到路径“Z:\pos01\bak\xb170726.dbf”的一部分。}{Operation:上传单日销售明细数据}{Source:mscorlib}
/*********************************** [@2017/7/26 18:00:00] ***********************************/
{Message:未能找到路径“Z:\pos01\bak\xb170726.dbf”的一部分。}{Operation:上传单日销售明细数据}{Source:mscorlib}
/*********************************** [@2017/7/26 18:00:00] ***********************************/
{Message:未能找到路径“Z:\pos01\bak\xb170726.dbf”的一部分。}{Operation:上传单日销售明细数据}{Source:mscorlib}
/*********************************** [@2017/7/26 18:00:00] ***********************************/
{Message:未能找到路径“Z:\pos01\bak\xb170726.dbf”的一部分。}{Operation:上传单日销售明细数据}{Source:mscorlib}
/*********************************** [@2017/7/26 18:00:01] ***********************************/
{Message:未能找到路径“Z:\pos01\bak\xb170726.dbf”的一部分。}{Operation:上传单日销售明细数据}{Source:mscorlib}
/*********************************** [@2017/7/26 18:30:01] ***********************************/
{Message:未能找到路径“Z:\pos01\bak\xb170726.dbf”的一部分。}{Operation:上传单日销售明细数据}{Source:mscorlib}
/*********************************** [@2017/7/26 19:15:50] ***********************************/
{Message:未能找到文件“D:\POSApplication2-0719\POSApplication\bin\Release\Data\pos.tab”。}{Operation:向服务端放 pos.tab}{Source:mscorlib}
/*********************************** [@2017/7/26 19:15:51] ***********************************/
{Message:索引超出了数组界限。}{Operation:更新购物单总金额和总数量，发送到客显}{Source:POSApplication}
/*********************************** [@2017/7/26 19:16:44] ***********************************/
{Message:索引超出了数组界限。}{Operation:frmPay.cs}{Source:UpdateDisplay()}
/*********************************** [@2017/7/26 19:20:00] ***********************************/
{Message:未能找到路径“Z:\pos01\bak\xb170726.dbf”的一部分。}{Operation:上传单日销售明细数据}{Source:mscorlib}
/*********************************** [@2017/7/26 19:20:00] ***********************************/
{Message:未能找到路径“Z:\pos01\bak\xb170726.dbf”的一部分。}{Operation:上传单日销售明细数据}{Source:mscorlib}
/*********************************** [@2017/7/26 19:20:00] ***********************************/
{Message:未能找到路径“Z:\pos01\bak\xb170726.dbf”的一部分。}{Operation:上传单日销售明细数据}{Source:mscorlib}
/*********************************** [@2017/7/26 19:20:00] ***********************************/
{Message:未能找到路径“Z:\pos01\bak\xb170726.dbf”的一部分。}{Operation:上传单日销售明细数据}{Source:mscorlib}
/*********************************** [@2017/7/26 19:20:00] ***********************************/
{Message:未能找到路径“Z:\pos01\bak\xb170726.dbf”的一部分。}{Operation:上传单日销售明细数据}{Source:mscorlib}
/*********************************** [@2017/7/26 19:20:00] ***********************************/
{Message:未能找到路径“Z:\pos01\bak\xb170726.dbf”的一部分。}{Operation:上传单日销售明细数据}{Source:mscorlib}
/*********************************** [@2017/7/26 19:20:00] ***********************************/
{Message:未能找到路径“Z:\pos01\bak\xb170726.dbf”的一部分。}{Operation:上传单日销售明细数据}{Source:mscorlib}
/*********************************** [@2017/7/26 19:20:00] ***********************************/
{Message:未能找到路径“Z:\pos01\bak\xb170726.dbf”的一部分。}{Operation:上传单日销售明细数据}{Source:mscorlib}
/*********************************** [@2017/7/26 19:20:01] ***********************************/
{Message:未能找到路径“Z:\pos01\bak\xb170726.dbf”的一部分。}{Operation:上传单日销售明细数据}{Source:mscorlib}
/*********************************** [@2017/7/26 19:50:00] ***********************************/
{Message:未能找到路径“Z:\pos01\bak\xb170726.dbf”的一部分。}{Operation:上传单日销售明细数据}{Source:mscorlib}
/*********************************** [@2017/7/26 19:50:01] ***********************************/
{Message:未能找到路径“Z:\pos01\bak\xb170726.dbf”的一部分。}{Operation:上传单日销售明细数据}{Source:mscorlib}
/*********************************** [@2017/7/26 20:10:00] ***********************************/
{Message:未能找到路径“Z:\pos01\bak\xb170726.dbf”的一部分。}{Operation:上传单日销售明细数据}{Source:mscorlib}
/*********************************** [@2017/7/26 20:10:00] ***********************************/
{Message:未能找到路径“Z:\pos01\bak\xb170726.dbf”的一部分。}{Operation:上传单日销售明细数据}{Source:mscorlib}
/*********************************** [@2017/7/26 20:10:00] ***********************************/
{Message:未能找到路径“Z:\pos01\bak\xb170726.dbf”的一部分。}{Operation:上传单日销售明细数据}{Source:mscorlib}
/*********************************** [@2017/7/26 20:10:00] ***********************************/
{Message:未能找到路径“Z:\pos01\bak\xb170726.dbf”的一部分。}{Operation:上传单日销售明细数据}{Source:mscorlib}
/*********************************** [@2017/7/26 20:10:00] ***********************************/
{Message:未能找到路径“Z:\pos01\bak\xb170726.dbf”的一部分。}{Operation:上传单日销售明细数据}{Source:mscorlib}
/*********************************** [@2017/7/26 20:10:00] ***********************************/
{Message:未能找到路径“Z:\pos01\bak\xb170726.dbf”的一部分。}{Operation:上传单日销售明细数据}{Source:mscorlib}
/*********************************** [@2017/7/26 20:10:00] ***********************************/
{Message:未能找到路径“Z:\pos01\bak\xb170726.dbf”的一部分。}{Operation:上传单日销售明细数据}{Source:mscorlib}
/*********************************** [@2017/7/26 20:10:00] ***********************************/
{Message:未能找到路径“Z:\pos01\bak\xb170726.dbf”的一部分。}{Operation:上传单日销售明细数据}{Source:mscorlib}
/*********************************** [@2017/7/26 20:10:00] ***********************************/
{Message:未能找到路径“Z:\pos01\bak\xb170726.dbf”的一部分。}{Operation:上传单日销售明细数据}{Source:mscorlib}
