/*********************************** [@2017/8/15 14:18:52] ***********************************/
{Message:无法加载 DLL“mwrf32.dll”: 找不到指定的模块。 (异常来自 HRESULT:0x8007007E)。}{Operation:}{Source:POSApplication}
/*********************************** [@2017/8/15 14:18:52] ***********************************/
{Message:索引超出了数组界限。}{Operation:更新购物单总金额和总数量，发送到客显}{Source:POSApplication}
/*********************************** [@2017/8/15 14:35:41] ***********************************/
{Message:无法加载 DLL“mwrf32.dll”: 找不到指定的模块。 (异常来自 HRESULT:0x8007007E)。}{Operation:}{Source:POSApplication}
/*********************************** [@2017/8/15 14:35:41] ***********************************/
{Message:索引超出了数组界限。}{Operation:更新购物单总金额和总数量，发送到客显}{Source:POSApplication}
/*********************************** [@2017/8/15 14:36:26] ***********************************/
{Message:索引超出了数组界限。}{Operation:frmPay.cs}{Source:UpdateDisplay()}
/*********************************** [@2017/8/15 14:36:40] ***********************************/
{Message:索引超出了数组界限。}{Operation:frmPay.cs}{Source:UpdateDisplay()}
/*********************************** [@2017/8/15 14:36:41] ***********************************/
{Message:索引超出了数组界限。}{Operation:frmPay.cs}{Source:UpdateDisplay()}
/*********************************** [@2017/8/15 14:36:41] ***********************************/
{Message:索引超出了数组界限。}{Operation:frmPay.cs}{Source:UpdateDisplay()}
/*********************************** [@2017/8/15 14:36:43] ***********************************/
{Message:索引超出了数组界限。}{Operation:frmPay.cs}{Source:UpdateDisplay()}
/*********************************** [@2017/8/15 14:37:15] ***********************************/
{Message:索引超出了数组界限。}{Operation:frmPay.cs}{Source:UpdateDisplay()}
/*********************************** [@2017/8/15 14:37:18] ***********************************/
{Message:索引超出了数组界限。}{Operation:frmPay.cs}{Source:UpdateDisplay()}
/*********************************** [@2017/8/15 14:37:18] ***********************************/
{Message:索引超出了数组界限。}{Operation:frmPay.cs}{Source:UpdateDisplay()}
/*********************************** [@2017/8/15 14:37:29] ***********************************/
{Message:索引超出了数组界限。}{Operation:frmPay.cs}{Source:UpdateDisplay()}
/*********************************** [@2017/8/15 14:37:45] ***********************************/
{Message:索引超出了数组界限。}{Operation:frmPay.cs}{Source:UpdateDisplay()}
/*********************************** [@2017/8/15 14:37:49] ***********************************/
{Message:索引超出了数组界限。}{Operation:frmPay.cs}{Source:UpdateDisplay()}
/*********************************** [@2017/8/15 14:37:50] ***********************************/
{Message:索引超出了数组界限。}{Operation:frmPay.cs}{Source:UpdateDisplay()}
/*********************************** [@2017/8/15 14:37:50] ***********************************/
{Message:索引超出了数组界限。}{Operation:frmPay.cs}{Source:UpdateDisplay()}
/*********************************** [@2017/8/15 14:37:51] ***********************************/
{Message:索引超出了数组界限。}{Operation:frmPay.cs}{Source:UpdateDisplay()}
/*********************************** [@2017/8/15 14:37:55] ***********************************/
{Message:索引超出了数组界限。}{Operation:frmPay.cs}{Source:UpdateDisplay()}
/*********************************** [@2017/8/15 14:37:58] ***********************************/
{Message:索引超出了数组界限。}{Operation:更新购物单总金额和总数量，发送到客显}{Source:POSApplication}
/*********************************** [@2017/8/15 14:38:30] ***********************************/
{Message:未能找到路径“Z:\pos01\bak\xb170815.dbf”的一部分。}{Operation:上传单日销售明细数据}{Source:mscorlib}
/*********************************** [@2017/8/15 14:40:36] ***********************************/
{Message:索引超出了数组界限。}{Operation:更新购物单总金额和总数量，发送到客显}{Source:POSApplication}
/*********************************** [@2017/8/15 14:40:58] ***********************************/
{Message:索引超出了数组界限。}{Operation:更新购物单总金额和总数量，发送到客显}{Source:POSApplication}
/*********************************** [@2017/8/15 14:40:58] ***********************************/
{Message:索引超出了数组界限。}{Operation:更新购物单总金额和总数量，发送到客显}{Source:POSApplication}
/*********************************** [@2017/8/15 14:53:34] ***********************************/
{Message:索引超出了数组界限。}{Operation:更新购物单总金额和总数量，发送到客显}{Source:POSApplication}
/*********************************** [@2017/8/15 14:53:48] ***********************************/
{Message:索引超出了数组界限。}{Operation:更新购物单总金额和总数量，发送到客显}{Source:POSApplication}
/*********************************** [@2017/8/15 14:53:48] ***********************************/
{Message:索引超出了数组界限。}{Operation:更新购物单总金额和总数量，发送到客显}{Source:POSApplication}
/*********************************** [@2017/8/15 14:54:01] ***********************************/
{Message:未能找到路径“Z:\pos01\bak\xb170815.dbf”的一部分。}{Operation:上传单日销售明细数据}{Source:mscorlib}
/*********************************** [@2017/8/15 14:56:54] ***********************************/
{Message:未能找到文件“D:\便捷通POS前台\西郊国际便捷通版POS前台\POSApplication\bin\Release\Data\pos.tab”。}{Operation:向服务端放 pos.tab}{Source:mscorlib}
/*********************************** [@2017/8/15 14:57:13] ***********************************/
{Message:未能找到路径“Z:\pos01\bak\xb170815.dbf”的一部分。}{Operation:上传单日销售明细数据}{Source:mscorlib}
/*********************************** [@2017/8/15 14:57:16] ***********************************/
{Message:未能找到文件“D:\便捷通POS前台\西郊国际便捷通版POS前台\POSApplication\bin\Release\Data\pos.tab”。}{Operation:向服务端放 pos.tab}{Source:mscorlib}
/*********************************** [@2017/8/15 14:57:32] ***********************************/
{Message:未能找到路径“Z:\pos01\bak\xb170815.dbf”的一部分。}{Operation:上传单日销售明细数据}{Source:mscorlib}
/*********************************** [@2017/8/15 14:58:10] ***********************************/
{Message:未能找到文件“D:\便捷通POS前台\西郊国际便捷通版POS前台\POSApplication\bin\Release\Data\pos.tab”。}{Operation:向服务端放 pos.tab}{Source:mscorlib}
/*********************************** [@2017/8/15 14:58:29] ***********************************/
{Message:无法加载 DLL“mwrf32.dll”: 找不到指定的模块。 (异常来自 HRESULT:0x8007007E)。}{Operation:}{Source:POSApplication}
/*********************************** [@2017/8/15 14:58:29] ***********************************/
{Message:索引超出了数组界限。}{Operation:更新购物单总金额和总数量，发送到客显}{Source:POSApplication}
/*********************************** [@2017/8/15 14:58:35] ***********************************/
{Message:索引超出了数组界限。}{Operation:更新购物单总金额和总数量，发送到客显}{Source:POSApplication}
/*********************************** [@2017/8/15 14:58:43] ***********************************/
{Message:索引超出了数组界限。}{Operation:更新购物单总金额和总数量，发送到客显}{Source:POSApplication}
/*********************************** [@2017/8/15 14:58:43] ***********************************/
{Message:索引超出了数组界限。}{Operation:更新购物单总金额和总数量，发送到客显}{Source:POSApplication}
/*********************************** [@2017/8/15 14:58:51] ***********************************/
{Message:未能找到路径“Z:\pos01\bak\xb170815.dbf”的一部分。}{Operation:上传单日销售明细数据}{Source:mscorlib}
/*********************************** [@2017/8/15 14:58:54] ***********************************/
{Message:未能找到文件“D:\便捷通POS前台\西郊国际便捷通版POS前台\POSApplication\bin\Release\Data\pos.tab”。}{Operation:向服务端放 pos.tab}{Source:mscorlib}
/*********************************** [@2017/8/15 15:02:09] ***********************************/
{Message:索引超出了数组界限。}{Operation:更新购物单总金额和总数量，发送到客显}{Source:POSApplication}
/*********************************** [@2017/8/15 15:02:19] ***********************************/
{Message:索引超出了数组界限。}{Operation:更新购物单总金额和总数量，发送到客显}{Source:POSApplication}
/*********************************** [@2017/8/15 15:02:19] ***********************************/
{Message:索引超出了数组界限。}{Operation:更新购物单总金额和总数量，发送到客显}{Source:POSApplication}
/*********************************** [@2017/8/15 15:08:46] ***********************************/
{Message:未能找到路径“Z:\pos01\bak\xb170815.dbf”的一部分。}{Operation:上传单日销售明细数据}{Source:mscorlib}
/*********************************** [@2017/8/15 15:08:49] ***********************************/
{Message:未能找到文件“D:\便捷通POS前台\西郊国际便捷通版POS前台\POSApplication\bin\Release\Data\pos.tab”。}{Operation:向服务端放 pos.tab}{Source:mscorlib}
/*********************************** [@2017/8/15 15:09:00] ***********************************/
{Message:索引超出了数组界限。}{Operation:更新购物单总金额和总数量，发送到客显}{Source:POSApplication}
/*********************************** [@2017/8/15 15:09:07] ***********************************/
{Message:未能找到文件“D:\便捷通POS前台\西郊国际便捷通版POS前台\POSApplication\bin\Release\Data\pos.tab”。}{Operation:向服务端放 pos.tab}{Source:mscorlib}
/*********************************** [@2017/8/15 15:58:26] ***********************************/
{Message:无法加载 DLL“mwrf32.dll”: 找不到指定的模块。 (异常来自 HRESULT:0x8007007E)。}{Operation:}{Source:POSApplication}
/*********************************** [@2017/8/15 15:58:26] ***********************************/
{Message:索引超出了数组界限。}{Operation:更新购物单总金额和总数量，发送到客显}{Source:POSApplication}
/*********************************** [@2017/8/15 15:59:07] ***********************************/
{Message:未能找到文件“D:\便捷通POS前台\西郊国际便捷通版POS前台\POSApplication\bin\Release\Data\pos.tab”。}{Operation:向服务端放 pos.tab}{Source:mscorlib}
/*********************************** [@2017/8/15 15:59:11] ***********************************/
{Message:索引超出了数组界限。}{Operation:更新购物单总金额和总数量，发送到客显}{Source:POSApplication}
/*********************************** [@2017/8/15 16:00:02] ***********************************/
{Message:未能找到文件“D:\便捷通POS前台\西郊国际便捷通版POS前台\POSApplication\bin\Release\Data\pos.tab”。}{Operation:向服务端放 pos.tab}{Source:mscorlib}
/*********************************** [@2017/8/15 16:00:03] ***********************************/
{Message:索引超出了数组界限。}{Operation:更新购物单总金额和总数量，发送到客显}{Source:POSApplication}
/*********************************** [@2017/8/15 16:00:24] ***********************************/
{Message:索引超出了数组界限。}{Operation:更新购物单总金额和总数量，发送到客显}{Source:POSApplication}
/*********************************** [@2017/8/15 16:00:38] ***********************************/
{Message:索引超出了数组界限。}{Operation:更新购物单总金额和总数量，发送到客显}{Source:POSApplication}
/*********************************** [@2017/8/15 16:00:38] ***********************************/
{Message:索引超出了数组界限。}{Operation:更新购物单总金额和总数量，发送到客显}{Source:POSApplication}
/*********************************** [@2017/8/15 16:01:36] ***********************************/
{Message:文件“Z:\pos01\bak\xb170815.dbf”正由另一进程使用，因此该进程无法访问此文件。}{Operation:上传单日销售明细数据}{Source:mscorlib}
/*********************************** [@2017/8/15 16:01:45] ***********************************/
{Message:未能找到文件“D:\便捷通POS前台\西郊国际便捷通版POS前台\POSApplication\bin\Release\Data\pos.tab”。}{Operation:向服务端放 pos.tab}{Source:mscorlib}
/*********************************** [@2017/8/15 16:01:55] ***********************************/
{Message:未能找到文件“D:\便捷通POS前台\西郊国际便捷通版POS前台\POSApplication\bin\Release\Data\pos.tab”。}{Operation:向服务端放 pos.tab}{Source:mscorlib}
/*********************************** [@2017/8/15 16:11:09] ***********************************/
{Message:无法加载 DLL“mwrf32.dll”: 找不到指定的模块。 (异常来自 HRESULT:0x8007007E)。}{Operation:}{Source:POSApplication}
/*********************************** [@2017/8/15 16:11:10] ***********************************/
{Message:索引超出了数组界限。}{Operation:更新购物单总金额和总数量，发送到客显}{Source:POSApplication}
/*********************************** [@2017/8/15 16:13:53] ***********************************/
{Message:无法加载 DLL“mwrf32.dll”: 找不到指定的模块。 (异常来自 HRESULT:0x8007007E)。}{Operation:}{Source:POSApplication}
/*********************************** [@2017/8/15 16:33:04] ***********************************/
{Message:无法加载 DLL“mwrf32.dll”: 找不到指定的模块。 (异常来自 HRESULT:0x8007007E)。}{Operation:}{Source:POSApplication}
/*********************************** [@2017/8/15 16:33:54] ***********************************/
{Message:未能找到文件“D:\便捷通POS前台\西郊国际便捷通版POS前台\POSApplication\bin\Release\Data\pos.tab”。}{Operation:向服务端放 pos.tab}{Source:mscorlib}
/*********************************** [@2017/8/15 16:33:57] ***********************************/
{Message:索引超出了数组界限。}{Operation:更新购物单总金额和总数量，发送到客显}{Source:POSApplication}
/*********************************** [@2017/8/15 16:34:12] ***********************************/
{Message:索引超出了数组界限。}{Operation:更新购物单总金额和总数量，发送到客显}{Source:POSApplication}
/*********************************** [@2017/8/15 16:34:44] ***********************************/
{Message:索引超出了数组界限。}{Operation:更新购物单总金额和总数量，发送到客显}{Source:POSApplication}
/*********************************** [@2017/8/15 16:34:44] ***********************************/
{Message:索引超出了数组界限。}{Operation:更新购物单总金额和总数量，发送到客显}{Source:POSApplication}
