/*********************************** [@2017/7/19 19:18:32] ***********************************/
{Message:无法加载 DLL“mwrf32.dll”: 找不到指定的模块。 (异常来自 HRESULT:0x8007007E)。}{Operation:}{Source:POSApplication}
/*********************************** [@2017/7/19 19:18:32] ***********************************/
{Message:索引超出了数组界限。}{Operation:更新购物单总金额和总数量，发送到客显}{Source:POSApplication}
/*********************************** [@2017/7/19 19:20:30] ***********************************/
{Message:索引超出了数组界限。}{Operation:frmPay.cs}{Source:UpdateDisplay()}
/*********************************** [@2017/7/19 19:21:15] ***********************************/
{Message:索引超出了数组界限。}{Operation:frmPay.cs}{Source:UpdateDisplay()}
/*********************************** [@2017/7/19 19:22:32] ***********************************/
{Message:无法加载 DLL“mwrf32.dll”: 找不到指定的模块。 (异常来自 HRESULT:0x8007007E)。}{Operation:}{Source:POSApplication}
/*********************************** [@2017/7/19 19:23:58] ***********************************/
{Message:索引超出了数组界限。}{Operation:frmPay.cs}{Source:UpdateDisplay()}
/*********************************** [@2017/7/19 19:28:54] ***********************************/
{Message:无法加载 DLL“mwrf32.dll”: 找不到指定的模块。 (异常来自 HRESULT:0x8007007E)。}{Operation:}{Source:POSApplication}
/*********************************** [@2017/7/19 19:31:14] ***********************************/
{Message:无法加载 DLL“mwrf32.dll”: 找不到指定的模块。 (异常来自 HRESULT:0x8007007E)。}{Operation:}{Source:POSApplication}
/*********************************** [@2017/7/19 19:31:59] ***********************************/
{Message:索引超出了数组界限。}{Operation:frmPay.cs}{Source:UpdateDisplay()}
/*********************************** [@2017/7/19 19:32:45] ***********************************/
{Message:索引超出了数组界限。}{Operation:frmPay.cs}{Source:UpdateDisplay()}
/*********************************** [@2017/7/19 19:36:51] ***********************************/
{Message:索引超出了数组界限。}{Operation:frmPay.cs}{Source:UpdateDisplay()}
/*********************************** [@2017/7/19 19:42:31] ***********************************/
{Message:索引超出了数组界限。}{Operation:frmPay.cs}{Source:UpdateDisplay()}
/*********************************** [@2017/7/19 19:43:06] ***********************************/
{Message:无法加载 DLL“mwrf32.dll”: 找不到指定的模块。 (异常来自 HRESULT:0x8007007E)。}{Operation:}{Source:POSApplication}
/*********************************** [@2017/7/19 19:43:32] ***********************************/
{Message:无法加载 DLL“mwrf32.dll”: 找不到指定的模块。 (异常来自 HRESULT:0x8007007E)。}{Operation:}{Source:POSApplication}
/*********************************** [@2017/7/19 19:43:46] ***********************************/
{Message:索引超出了数组界限。}{Operation:frmPay.cs}{Source:UpdateDisplay()}
/*********************************** [@2017/7/19 19:44:46] ***********************************/
{Message:索引超出了数组界限。}{Operation:frmPay.cs}{Source:UpdateDisplay()}
/*********************************** [@2017/7/19 19:45:11] ***********************************/
{Message:索引超出了数组界限。}{Operation:frmPay.cs}{Source:UpdateDisplay()}
/*********************************** [@2017/7/19 19:50:41] ***********************************/
{Message:索引超出了数组界限。}{Operation:frmPay.cs}{Source:UpdateDisplay()}
/*********************************** [@2017/7/19 19:52:42] ***********************************/
{Message:索引超出了数组界限。}{Operation:frmPay.cs}{Source:UpdateDisplay()}
/*********************************** [@2017/7/19 19:53:04] ***********************************/
{Message:无法加载 DLL“mwrf32.dll”: 找不到指定的模块。 (异常来自 HRESULT:0x8007007E)。}{Operation:}{Source:POSApplication}
/*********************************** [@2017/7/19 19:53:41] ***********************************/
{Message:未能找到文件“D:\POSApplication2\POSApplication\bin\Release\Data\pos.tab”。}{Operation:向服务端放 pos.tab}{Source:mscorlib}
/*********************************** [@2017/7/19 19:53:41] ***********************************/
{Message:索引超出了数组界限。}{Operation:更新购物单总金额和总数量，发送到客显}{Source:POSApplication}
/*********************************** [@2017/7/19 19:54:06] ***********************************/
{Message:索引超出了数组界限。}{Operation:frmPay.cs}{Source:UpdateDisplay()}
/*********************************** [@2017/7/19 19:54:35] ***********************************/
{Message:无法加载 DLL“mwrf32.dll”: 找不到指定的模块。 (异常来自 HRESULT:0x8007007E)。}{Operation:}{Source:POSApplication}
/*********************************** [@2017/7/19 19:54:42] ***********************************/
{Message:索引超出了数组界限。}{Operation:frmPay.cs}{Source:UpdateDisplay()}
/*********************************** [@2017/7/19 19:54:51] ***********************************/
{Message:索引超出了数组界限。}{Operation:frmPay.cs}{Source:UpdateDisplay()}
/*********************************** [@2017/7/19 19:54:51] ***********************************/
{Message:索引超出了数组界限。}{Operation:frmPay.cs}{Source:UpdateDisplay()}
/*********************************** [@2017/7/19 19:54:55] ***********************************/
{Message:索引超出了数组界限。}{Operation:frmPay.cs}{Source:UpdateDisplay()}
/*********************************** [@2017/7/19 19:55:25] ***********************************/
{Message:索引超出了数组界限。}{Operation:frmPay.cs}{Source:UpdateDisplay()}
/*********************************** [@2017/7/19 19:55:50] ***********************************/
{Message:索引超出了数组界限。}{Operation:frmPay.cs}{Source:UpdateDisplay()}
/*********************************** [@2017/7/19 19:56:12] ***********************************/
{Message:索引超出了数组界限。}{Operation:更新购物单总金额和总数量，发送到客显}{Source:POSApplication}
/*********************************** [@2017/7/19 19:57:17] ***********************************/
{Message:索引超出了数组界限。}{Operation:更新购物单总金额和总数量，发送到客显}{Source:POSApplication}
/*********************************** [@2017/7/19 19:57:17] ***********************************/
{Message:无法加载 DLL“mwrf32.dll”: 找不到指定的模块。 (异常来自 HRESULT:0x8007007E)。}{Operation:}{Source:POSApplication}
/*********************************** [@2017/7/19 19:57:17] ***********************************/
{Message:索引超出了数组界限。}{Operation:更新购物单总金额和总数量，发送到客显}{Source:POSApplication}
/*********************************** [@2017/7/19 19:58:03] ***********************************/
{Message:索引超出了数组界限。}{Operation:frmPay.cs}{Source:UpdateDisplay()}
