/*********************************** [@2017/8/2 9:25:01] ***********************************/
{Message:无法加载 DLL“mwrf32.dll”: 找不到指定的模块。 (异常来自 HRESULT:0x8007007E)。}{Operation:}{Source:POSApplication}
/*********************************** [@2017/8/2 9:25:06] ***********************************/
{Message:索引超出了数组界限。}{Operation:更新购物单总金额和总数量，发送到客显}{Source:POSApplication}
/*********************************** [@2017/8/2 9:30:00] ***********************************/
{Message:未能找到路径“Z:\pos01\bak\xb170802.dbf”的一部分。}{Operation:上传单日销售明细数据}{Source:mscorlib}
/*********************************** [@2017/8/2 9:30:00] ***********************************/
{Message:未能找到路径“Z:\pos01\bak\xb170802.dbf”的一部分。}{Operation:上传单日销售明细数据}{Source:mscorlib}
/*********************************** [@2017/8/2 9:30:00] ***********************************/
{Message:未能找到路径“Z:\pos01\bak\xb170802.dbf”的一部分。}{Operation:上传单日销售明细数据}{Source:mscorlib}
/*********************************** [@2017/8/2 9:30:00] ***********************************/
{Message:未能找到路径“Z:\pos01\bak\xb170802.dbf”的一部分。}{Operation:上传单日销售明细数据}{Source:mscorlib}
/*********************************** [@2017/8/2 9:30:00] ***********************************/
{Message:未能找到路径“Z:\pos01\bak\xb170802.dbf”的一部分。}{Operation:上传单日销售明细数据}{Source:mscorlib}
/*********************************** [@2017/8/2 9:30:00] ***********************************/
{Message:未能找到路径“Z:\pos01\bak\xb170802.dbf”的一部分。}{Operation:上传单日销售明细数据}{Source:mscorlib}
/*********************************** [@2017/8/2 9:30:00] ***********************************/
{Message:未能找到路径“Z:\pos01\bak\xb170802.dbf”的一部分。}{Operation:上传单日销售明细数据}{Source:mscorlib}
/*********************************** [@2017/8/2 9:30:00] ***********************************/
{Message:未能找到路径“Z:\pos01\bak\xb170802.dbf”的一部分。}{Operation:上传单日销售明细数据}{Source:mscorlib}
/*********************************** [@2017/8/2 9:30:00] ***********************************/
{Message:未能找到路径“Z:\pos01\bak\xb170802.dbf”的一部分。}{Operation:上传单日销售明细数据}{Source:mscorlib}
/*********************************** [@2017/8/2 9:30:01] ***********************************/
{Message:未能找到路径“Z:\pos01\bak\xb170802.dbf”的一部分。}{Operation:上传单日销售明细数据}{Source:mscorlib}
/*********************************** [@2017/8/2 9:53:17] ***********************************/
{Message:索引超出了数组界限。}{Operation:更新购物单总金额和总数量，发送到客显}{Source:POSApplication}
/*********************************** [@2017/8/2 10:20:00] ***********************************/
{Message:未能找到路径“Z:\pos01\bak\xb170802.dbf”的一部分。}{Operation:上传单日销售明细数据}{Source:mscorlib}
/*********************************** [@2017/8/2 10:20:00] ***********************************/
{Message:未能找到路径“Z:\pos01\bak\xb170802.dbf”的一部分。}{Operation:上传单日销售明细数据}{Source:mscorlib}
/*********************************** [@2017/8/2 10:20:00] ***********************************/
{Message:未能找到路径“Z:\pos01\bak\xb170802.dbf”的一部分。}{Operation:上传单日销售明细数据}{Source:mscorlib}
/*********************************** [@2017/8/2 10:20:00] ***********************************/
{Message:未能找到路径“Z:\pos01\bak\xb170802.dbf”的一部分。}{Operation:上传单日销售明细数据}{Source:mscorlib}
/*********************************** [@2017/8/2 10:20:00] ***********************************/
{Message:未能找到路径“Z:\pos01\bak\xb170802.dbf”的一部分。}{Operation:上传单日销售明细数据}{Source:mscorlib}
/*********************************** [@2017/8/2 10:20:00] ***********************************/
{Message:未能找到路径“Z:\pos01\bak\xb170802.dbf”的一部分。}{Operation:上传单日销售明细数据}{Source:mscorlib}
/*********************************** [@2017/8/2 10:20:00] ***********************************/
{Message:未能找到路径“Z:\pos01\bak\xb170802.dbf”的一部分。}{Operation:上传单日销售明细数据}{Source:mscorlib}
/*********************************** [@2017/8/2 10:20:00] ***********************************/
{Message:未能找到路径“Z:\pos01\bak\xb170802.dbf”的一部分。}{Operation:上传单日销售明细数据}{Source:mscorlib}
/*********************************** [@2017/8/2 10:20:00] ***********************************/
{Message:未能找到路径“Z:\pos01\bak\xb170802.dbf”的一部分。}{Operation:上传单日销售明细数据}{Source:mscorlib}
/*********************************** [@2017/8/2 10:50:00] ***********************************/
{Message:未能找到路径“Z:\pos01\bak\xb170802.dbf”的一部分。}{Operation:上传单日销售明细数据}{Source:mscorlib}
/*********************************** [@2017/8/2 10:50:00] ***********************************/
{Message:未能找到路径“Z:\pos01\bak\xb170802.dbf”的一部分。}{Operation:上传单日销售明细数据}{Source:mscorlib}
/*********************************** [@2017/8/2 10:50:00] ***********************************/
{Message:未能找到路径“Z:\pos01\bak\xb170802.dbf”的一部分。}{Operation:上传单日销售明细数据}{Source:mscorlib}
/*********************************** [@2017/8/2 10:50:00] ***********************************/
{Message:未能找到路径“Z:\pos01\bak\xb170802.dbf”的一部分。}{Operation:上传单日销售明细数据}{Source:mscorlib}
/*********************************** [@2017/8/2 10:50:00] ***********************************/
{Message:未能找到路径“Z:\pos01\bak\xb170802.dbf”的一部分。}{Operation:上传单日销售明细数据}{Source:mscorlib}
/*********************************** [@2017/8/2 10:50:00] ***********************************/
{Message:未能找到路径“Z:\pos01\bak\xb170802.dbf”的一部分。}{Operation:上传单日销售明细数据}{Source:mscorlib}
/*********************************** [@2017/8/2 10:50:00] ***********************************/
{Message:未能找到路径“Z:\pos01\bak\xb170802.dbf”的一部分。}{Operation:上传单日销售明细数据}{Source:mscorlib}
/*********************************** [@2017/8/2 10:50:00] ***********************************/
{Message:未能找到路径“Z:\pos01\bak\xb170802.dbf”的一部分。}{Operation:上传单日销售明细数据}{Source:mscorlib}
/*********************************** [@2017/8/2 10:50:00] ***********************************/
{Message:未能找到路径“Z:\pos01\bak\xb170802.dbf”的一部分。}{Operation:上传单日销售明细数据}{Source:mscorlib}
/*********************************** [@2017/8/2 11:10:00] ***********************************/
{Message:未能找到路径“Z:\pos01\bak\xb170802.dbf”的一部分。}{Operation:上传单日销售明细数据}{Source:mscorlib}
/*********************************** [@2017/8/2 11:10:00] ***********************************/
{Message:未能找到路径“Z:\pos01\bak\xb170802.dbf”的一部分。}{Operation:上传单日销售明细数据}{Source:mscorlib}
/*********************************** [@2017/8/2 11:10:00] ***********************************/
{Message:未能找到路径“Z:\pos01\bak\xb170802.dbf”的一部分。}{Operation:上传单日销售明细数据}{Source:mscorlib}
/*********************************** [@2017/8/2 11:10:00] ***********************************/
{Message:未能找到路径“Z:\pos01\bak\xb170802.dbf”的一部分。}{Operation:上传单日销售明细数据}{Source:mscorlib}
/*********************************** [@2017/8/2 11:10:00] ***********************************/
{Message:未能找到路径“Z:\pos01\bak\xb170802.dbf”的一部分。}{Operation:上传单日销售明细数据}{Source:mscorlib}
/*********************************** [@2017/8/2 11:10:00] ***********************************/
{Message:未能找到路径“Z:\pos01\bak\xb170802.dbf”的一部分。}{Operation:上传单日销售明细数据}{Source:mscorlib}
/*********************************** [@2017/8/2 11:10:00] ***********************************/
{Message:未能找到路径“Z:\pos01\bak\xb170802.dbf”的一部分。}{Operation:上传单日销售明细数据}{Source:mscorlib}
/*********************************** [@2017/8/2 11:10:00] ***********************************/
{Message:未能找到路径“Z:\pos01\bak\xb170802.dbf”的一部分。}{Operation:上传单日销售明细数据}{Source:mscorlib}
/*********************************** [@2017/8/2 11:10:00] ***********************************/
{Message:未能找到路径“Z:\pos01\bak\xb170802.dbf”的一部分。}{Operation:上传单日销售明细数据}{Source:mscorlib}
/*********************************** [@2017/8/2 11:40:00] ***********************************/
{Message:未能找到路径“Z:\pos01\bak\xb170802.dbf”的一部分。}{Operation:上传单日销售明细数据}{Source:mscorlib}
/*********************************** [@2017/8/2 11:40:00] ***********************************/
{Message:未能找到路径“Z:\pos01\bak\xb170802.dbf”的一部分。}{Operation:上传单日销售明细数据}{Source:mscorlib}
/*********************************** [@2017/8/2 11:40:00] ***********************************/
{Message:未能找到路径“Z:\pos01\bak\xb170802.dbf”的一部分。}{Operation:上传单日销售明细数据}{Source:mscorlib}
/*********************************** [@2017/8/2 11:40:00] ***********************************/
{Message:未能找到路径“Z:\pos01\bak\xb170802.dbf”的一部分。}{Operation:上传单日销售明细数据}{Source:mscorlib}
/*********************************** [@2017/8/2 11:40:00] ***********************************/
{Message:未能找到路径“Z:\pos01\bak\xb170802.dbf”的一部分。}{Operation:上传单日销售明细数据}{Source:mscorlib}
/*********************************** [@2017/8/2 11:40:00] ***********************************/
{Message:未能找到路径“Z:\pos01\bak\xb170802.dbf”的一部分。}{Operation:上传单日销售明细数据}{Source:mscorlib}
/*********************************** [@2017/8/2 11:40:00] ***********************************/
{Message:未能找到路径“Z:\pos01\bak\xb170802.dbf”的一部分。}{Operation:上传单日销售明细数据}{Source:mscorlib}
/*********************************** [@2017/8/2 11:40:00] ***********************************/
{Message:未能找到路径“Z:\pos01\bak\xb170802.dbf”的一部分。}{Operation:上传单日销售明细数据}{Source:mscorlib}
/*********************************** [@2017/8/2 11:40:01] ***********************************/
{Message:未能找到路径“Z:\pos01\bak\xb170802.dbf”的一部分。}{Operation:上传单日销售明细数据}{Source:mscorlib}
/*********************************** [@2017/8/2 12:00:00] ***********************************/
{Message:未能找到路径“Z:\pos01\bak\xb170802.dbf”的一部分。}{Operation:上传单日销售明细数据}{Source:mscorlib}
/*********************************** [@2017/8/2 12:00:00] ***********************************/
{Message:未能找到路径“Z:\pos01\bak\xb170802.dbf”的一部分。}{Operation:上传单日销售明细数据}{Source:mscorlib}
/*********************************** [@2017/8/2 12:00:00] ***********************************/
{Message:未能找到路径“Z:\pos01\bak\xb170802.dbf”的一部分。}{Operation:上传单日销售明细数据}{Source:mscorlib}
/*********************************** [@2017/8/2 12:00:00] ***********************************/
{Message:未能找到路径“Z:\pos01\bak\xb170802.dbf”的一部分。}{Operation:上传单日销售明细数据}{Source:mscorlib}
/*********************************** [@2017/8/2 12:00:00] ***********************************/
{Message:未能找到路径“Z:\pos01\bak\xb170802.dbf”的一部分。}{Operation:上传单日销售明细数据}{Source:mscorlib}
/*********************************** [@2017/8/2 12:00:00] ***********************************/
{Message:未能找到路径“Z:\pos01\bak\xb170802.dbf”的一部分。}{Operation:上传单日销售明细数据}{Source:mscorlib}
/*********************************** [@2017/8/2 12:00:00] ***********************************/
{Message:未能找到路径“Z:\pos01\bak\xb170802.dbf”的一部分。}{Operation:上传单日销售明细数据}{Source:mscorlib}
/*********************************** [@2017/8/2 12:00:00] ***********************************/
{Message:未能找到路径“Z:\pos01\bak\xb170802.dbf”的一部分。}{Operation:上传单日销售明细数据}{Source:mscorlib}
/*********************************** [@2017/8/2 12:00:00] ***********************************/
{Message:未能找到路径“Z:\pos01\bak\xb170802.dbf”的一部分。}{Operation:上传单日销售明细数据}{Source:mscorlib}
/*********************************** [@2017/8/2 12:00:01] ***********************************/
{Message:未能找到路径“Z:\pos01\bak\xb170802.dbf”的一部分。}{Operation:上传单日销售明细数据}{Source:mscorlib}
/*********************************** [@2017/8/2 12:30:00] ***********************************/
{Message:未能找到路径“Z:\pos01\bak\xb170802.dbf”的一部分。}{Operation:上传单日销售明细数据}{Source:mscorlib}
/*********************************** [@2017/8/2 12:30:00] ***********************************/
{Message:未能找到路径“Z:\pos01\bak\xb170802.dbf”的一部分。}{Operation:上传单日销售明细数据}{Source:mscorlib}
/*********************************** [@2017/8/2 12:30:00] ***********************************/
{Message:未能找到路径“Z:\pos01\bak\xb170802.dbf”的一部分。}{Operation:上传单日销售明细数据}{Source:mscorlib}
/*********************************** [@2017/8/2 12:30:00] ***********************************/
{Message:未能找到路径“Z:\pos01\bak\xb170802.dbf”的一部分。}{Operation:上传单日销售明细数据}{Source:mscorlib}
/*********************************** [@2017/8/2 12:30:00] ***********************************/
{Message:未能找到路径“Z:\pos01\bak\xb170802.dbf”的一部分。}{Operation:上传单日销售明细数据}{Source:mscorlib}
/*********************************** [@2017/8/2 12:30:00] ***********************************/
{Message:未能找到路径“Z:\pos01\bak\xb170802.dbf”的一部分。}{Operation:上传单日销售明细数据}{Source:mscorlib}
/*********************************** [@2017/8/2 12:30:00] ***********************************/
{Message:未能找到路径“Z:\pos01\bak\xb170802.dbf”的一部分。}{Operation:上传单日销售明细数据}{Source:mscorlib}
/*********************************** [@2017/8/2 12:30:00] ***********************************/
{Message:未能找到路径“Z:\pos01\bak\xb170802.dbf”的一部分。}{Operation:上传单日销售明细数据}{Source:mscorlib}
/*********************************** [@2017/8/2 12:30:00] ***********************************/
{Message:未能找到路径“Z:\pos01\bak\xb170802.dbf”的一部分。}{Operation:上传单日销售明细数据}{Source:mscorlib}
/*********************************** [@2017/8/2 13:20:00] ***********************************/
{Message:未能找到路径“Z:\pos01\bak\xb170802.dbf”的一部分。}{Operation:上传单日销售明细数据}{Source:mscorlib}
/*********************************** [@2017/8/2 13:20:00] ***********************************/
{Message:未能找到路径“Z:\pos01\bak\xb170802.dbf”的一部分。}{Operation:上传单日销售明细数据}{Source:mscorlib}
/*********************************** [@2017/8/2 13:20:00] ***********************************/
{Message:未能找到路径“Z:\pos01\bak\xb170802.dbf”的一部分。}{Operation:上传单日销售明细数据}{Source:mscorlib}
/*********************************** [@2017/8/2 13:20:00] ***********************************/
{Message:未能找到路径“Z:\pos01\bak\xb170802.dbf”的一部分。}{Operation:上传单日销售明细数据}{Source:mscorlib}
/*********************************** [@2017/8/2 13:20:00] ***********************************/
{Message:未能找到路径“Z:\pos01\bak\xb170802.dbf”的一部分。}{Operation:上传单日销售明细数据}{Source:mscorlib}
/*********************************** [@2017/8/2 13:20:00] ***********************************/
{Message:未能找到路径“Z:\pos01\bak\xb170802.dbf”的一部分。}{Operation:上传单日销售明细数据}{Source:mscorlib}
/*********************************** [@2017/8/2 13:20:00] ***********************************/
{Message:未能找到路径“Z:\pos01\bak\xb170802.dbf”的一部分。}{Operation:上传单日销售明细数据}{Source:mscorlib}
/*********************************** [@2017/8/2 13:20:00] ***********************************/
{Message:未能找到路径“Z:\pos01\bak\xb170802.dbf”的一部分。}{Operation:上传单日销售明细数据}{Source:mscorlib}
/*********************************** [@2017/8/2 13:20:00] ***********************************/
{Message:未能找到路径“Z:\pos01\bak\xb170802.dbf”的一部分。}{Operation:上传单日销售明细数据}{Source:mscorlib}
/*********************************** [@2017/8/2 13:50:00] ***********************************/
{Message:未能找到路径“Z:\pos01\bak\xb170802.dbf”的一部分。}{Operation:上传单日销售明细数据}{Source:mscorlib}
/*********************************** [@2017/8/2 13:50:00] ***********************************/
{Message:未能找到路径“Z:\pos01\bak\xb170802.dbf”的一部分。}{Operation:上传单日销售明细数据}{Source:mscorlib}
/*********************************** [@2017/8/2 13:50:00] ***********************************/
{Message:未能找到路径“Z:\pos01\bak\xb170802.dbf”的一部分。}{Operation:上传单日销售明细数据}{Source:mscorlib}
/*********************************** [@2017/8/2 13:50:00] ***********************************/
{Message:未能找到路径“Z:\pos01\bak\xb170802.dbf”的一部分。}{Operation:上传单日销售明细数据}{Source:mscorlib}
/*********************************** [@2017/8/2 13:50:00] ***********************************/
{Message:未能找到路径“Z:\pos01\bak\xb170802.dbf”的一部分。}{Operation:上传单日销售明细数据}{Source:mscorlib}
/*********************************** [@2017/8/2 13:50:00] ***********************************/
{Message:未能找到路径“Z:\pos01\bak\xb170802.dbf”的一部分。}{Operation:上传单日销售明细数据}{Source:mscorlib}
/*********************************** [@2017/8/2 13:50:00] ***********************************/
{Message:未能找到路径“Z:\pos01\bak\xb170802.dbf”的一部分。}{Operation:上传单日销售明细数据}{Source:mscorlib}
/*********************************** [@2017/8/2 13:50:00] ***********************************/
{Message:未能找到路径“Z:\pos01\bak\xb170802.dbf”的一部分。}{Operation:上传单日销售明细数据}{Source:mscorlib}
/*********************************** [@2017/8/2 13:50:00] ***********************************/
{Message:未能找到路径“Z:\pos01\bak\xb170802.dbf”的一部分。}{Operation:上传单日销售明细数据}{Source:mscorlib}
/*********************************** [@2017/8/2 14:10:00] ***********************************/
{Message:未能找到路径“Z:\pos01\bak\xb170802.dbf”的一部分。}{Operation:上传单日销售明细数据}{Source:mscorlib}
/*********************************** [@2017/8/2 14:10:00] ***********************************/
{Message:未能找到路径“Z:\pos01\bak\xb170802.dbf”的一部分。}{Operation:上传单日销售明细数据}{Source:mscorlib}
/*********************************** [@2017/8/2 14:10:00] ***********************************/
{Message:未能找到路径“Z:\pos01\bak\xb170802.dbf”的一部分。}{Operation:上传单日销售明细数据}{Source:mscorlib}
/*********************************** [@2017/8/2 14:10:00] ***********************************/
{Message:未能找到路径“Z:\pos01\bak\xb170802.dbf”的一部分。}{Operation:上传单日销售明细数据}{Source:mscorlib}
/*********************************** [@2017/8/2 14:10:00] ***********************************/
{Message:未能找到路径“Z:\pos01\bak\xb170802.dbf”的一部分。}{Operation:上传单日销售明细数据}{Source:mscorlib}
/*********************************** [@2017/8/2 14:10:00] ***********************************/
{Message:未能找到路径“D:\POSApplication2-0719\POSApplication\bin\Release\Data\2017\8\xb170802.dbf”的一部分。}{Operation:上传单日销售明细数据}{Source:mscorlib}
/*********************************** [@2017/8/2 14:10:00] ***********************************/
{Message:未能找到路径“Z:\pos01\bak\xb170802.dbf”的一部分。}{Operation:上传单日销售明细数据}{Source:mscorlib}
/*********************************** [@2017/8/2 14:10:00] ***********************************/
{Message:未能找到路径“Z:\pos01\bak\xb170802.dbf”的一部分。}{Operation:上传单日销售明细数据}{Source:mscorlib}
/*********************************** [@2017/8/2 14:10:00] ***********************************/
{Message:未能找到路径“Z:\pos01\bak\xb170802.dbf”的一部分。}{Operation:上传单日销售明细数据}{Source:mscorlib}
/*********************************** [@2017/8/2 14:40:00] ***********************************/
{Message:未能找到路径“Z:\pos01\bak\xb170802.dbf”的一部分。}{Operation:上传单日销售明细数据}{Source:mscorlib}
/*********************************** [@2017/8/2 14:40:00] ***********************************/
{Message:未能找到路径“Z:\pos01\bak\xb170802.dbf”的一部分。}{Operation:上传单日销售明细数据}{Source:mscorlib}
/*********************************** [@2017/8/2 14:40:00] ***********************************/
{Message:未能找到路径“Z:\pos01\bak\xb170802.dbf”的一部分。}{Operation:上传单日销售明细数据}{Source:mscorlib}
/*********************************** [@2017/8/2 14:40:00] ***********************************/
{Message:未能找到路径“Z:\pos01\bak\xb170802.dbf”的一部分。}{Operation:上传单日销售明细数据}{Source:mscorlib}
/*********************************** [@2017/8/2 14:40:00] ***********************************/
{Message:未能找到路径“Z:\pos01\bak\xb170802.dbf”的一部分。}{Operation:上传单日销售明细数据}{Source:mscorlib}
/*********************************** [@2017/8/2 14:40:00] ***********************************/
{Message:未能找到路径“Z:\pos01\bak\xb170802.dbf”的一部分。}{Operation:上传单日销售明细数据}{Source:mscorlib}
/*********************************** [@2017/8/2 14:40:00] ***********************************/
{Message:未能找到路径“Z:\pos01\bak\xb170802.dbf”的一部分。}{Operation:上传单日销售明细数据}{Source:mscorlib}
/*********************************** [@2017/8/2 14:40:00] ***********************************/
{Message:未能找到路径“Z:\pos01\bak\xb170802.dbf”的一部分。}{Operation:上传单日销售明细数据}{Source:mscorlib}
/*********************************** [@2017/8/2 14:40:00] ***********************************/
{Message:未能找到路径“Z:\pos01\bak\xb170802.dbf”的一部分。}{Operation:上传单日销售明细数据}{Source:mscorlib}
/*********************************** [@2017/8/2 15:00:00] ***********************************/
{Message:未能找到路径“Z:\pos01\bak\xb170802.dbf”的一部分。}{Operation:上传单日销售明细数据}{Source:mscorlib}
/*********************************** [@2017/8/2 15:00:00] ***********************************/
{Message:未能找到路径“Z:\pos01\bak\xb170802.dbf”的一部分。}{Operation:上传单日销售明细数据}{Source:mscorlib}
/*********************************** [@2017/8/2 15:00:00] ***********************************/
{Message:未能找到路径“Z:\pos01\bak\xb170802.dbf”的一部分。}{Operation:上传单日销售明细数据}{Source:mscorlib}
/*********************************** [@2017/8/2 15:00:00] ***********************************/
{Message:未能找到路径“Z:\pos01\bak\xb170802.dbf”的一部分。}{Operation:上传单日销售明细数据}{Source:mscorlib}
/*********************************** [@2017/8/2 15:00:00] ***********************************/
{Message:未能找到路径“Z:\pos01\bak\xb170802.dbf”的一部分。}{Operation:上传单日销售明细数据}{Source:mscorlib}
/*********************************** [@2017/8/2 15:00:00] ***********************************/
{Message:未能找到路径“Z:\pos01\bak\xb170802.dbf”的一部分。}{Operation:上传单日销售明细数据}{Source:mscorlib}
/*********************************** [@2017/8/2 15:00:00] ***********************************/
{Message:未能找到路径“Z:\pos01\bak\xb170802.dbf”的一部分。}{Operation:上传单日销售明细数据}{Source:mscorlib}
/*********************************** [@2017/8/2 15:00:00] ***********************************/
{Message:未能找到路径“Z:\pos01\bak\xb170802.dbf”的一部分。}{Operation:上传单日销售明细数据}{Source:mscorlib}
/*********************************** [@2017/8/2 15:00:00] ***********************************/
{Message:未能找到路径“Z:\pos01\bak\xb170802.dbf”的一部分。}{Operation:上传单日销售明细数据}{Source:mscorlib}
/*********************************** [@2017/8/2 15:30:00] ***********************************/
{Message:未能找到路径“Z:\pos01\bak\xb170802.dbf”的一部分。}{Operation:上传单日销售明细数据}{Source:mscorlib}
/*********************************** [@2017/8/2 15:30:00] ***********************************/
{Message:未能找到路径“Z:\pos01\bak\xb170802.dbf”的一部分。}{Operation:上传单日销售明细数据}{Source:mscorlib}
/*********************************** [@2017/8/2 15:30:00] ***********************************/
{Message:未能找到路径“Z:\pos01\bak\xb170802.dbf”的一部分。}{Operation:上传单日销售明细数据}{Source:mscorlib}
/*********************************** [@2017/8/2 15:30:00] ***********************************/
{Message:未能找到路径“Z:\pos01\bak\xb170802.dbf”的一部分。}{Operation:上传单日销售明细数据}{Source:mscorlib}
/*********************************** [@2017/8/2 15:30:00] ***********************************/
{Message:未能找到路径“Z:\pos01\bak\xb170802.dbf”的一部分。}{Operation:上传单日销售明细数据}{Source:mscorlib}
/*********************************** [@2017/8/2 15:30:00] ***********************************/
{Message:未能找到路径“Z:\pos01\bak\xb170802.dbf”的一部分。}{Operation:上传单日销售明细数据}{Source:mscorlib}
/*********************************** [@2017/8/2 15:30:00] ***********************************/
{Message:未能找到路径“Z:\pos01\bak\xb170802.dbf”的一部分。}{Operation:上传单日销售明细数据}{Source:mscorlib}
/*********************************** [@2017/8/2 15:30:00] ***********************************/
{Message:未能找到路径“Z:\pos01\bak\xb170802.dbf”的一部分。}{Operation:上传单日销售明细数据}{Source:mscorlib}
/*********************************** [@2017/8/2 15:30:00] ***********************************/
{Message:未能找到路径“Z:\pos01\bak\xb170802.dbf”的一部分。}{Operation:上传单日销售明细数据}{Source:mscorlib}
/*********************************** [@2017/8/2 16:20:00] ***********************************/
{Message:未能找到路径“Z:\pos01\bak\xb170802.dbf”的一部分。}{Operation:上传单日销售明细数据}{Source:mscorlib}
/*********************************** [@2017/8/2 16:20:00] ***********************************/
{Message:未能找到路径“Z:\pos01\bak\xb170802.dbf”的一部分。}{Operation:上传单日销售明细数据}{Source:mscorlib}
/*********************************** [@2017/8/2 16:20:00] ***********************************/
{Message:未能找到路径“Z:\pos01\bak\xb170802.dbf”的一部分。}{Operation:上传单日销售明细数据}{Source:mscorlib}
/*********************************** [@2017/8/2 16:20:00] ***********************************/
{Message:未能找到路径“Z:\pos01\bak\xb170802.dbf”的一部分。}{Operation:上传单日销售明细数据}{Source:mscorlib}
/*********************************** [@2017/8/2 16:20:00] ***********************************/
{Message:未能找到路径“Z:\pos01\bak\xb170802.dbf”的一部分。}{Operation:上传单日销售明细数据}{Source:mscorlib}
/*********************************** [@2017/8/2 16:20:00] ***********************************/
{Message:未能找到路径“Z:\pos01\bak\xb170802.dbf”的一部分。}{Operation:上传单日销售明细数据}{Source:mscorlib}
/*********************************** [@2017/8/2 16:20:00] ***********************************/
{Message:未能找到路径“Z:\pos01\bak\xb170802.dbf”的一部分。}{Operation:上传单日销售明细数据}{Source:mscorlib}
/*********************************** [@2017/8/2 16:20:00] ***********************************/
{Message:未能找到路径“Z:\pos01\bak\xb170802.dbf”的一部分。}{Operation:上传单日销售明细数据}{Source:mscorlib}
/*********************************** [@2017/8/2 16:20:00] ***********************************/
{Message:未能找到路径“Z:\pos01\bak\xb170802.dbf”的一部分。}{Operation:上传单日销售明细数据}{Source:mscorlib}
