/*********************************** [@2017/7/28 9:32:51] ***********************************/
{Message:更新主档discount_yhxs}{Operator:}{Source:}
/*********************************** [@2017/7/28 9:32:51] ***********************************/
{Message:更新主档promotion_pt}{Operator:}{Source:}
/*********************************** [@2017/7/28 10:05:34] ***********************************/
{Message:后台未回收数据，准备重新上传数据}{Operator:Upload()}{Source:小票号：1}
/*********************************** [@2017/7/28 10:05:34] ***********************************/
{Message:新数据追加到 backups 表}{Operator:ReUploadOperation()}{Source:小票号：1}
/*********************************** [@2017/7/28 10:05:34] ***********************************/
{Message:导出数据到本地 DBF 文件}{Operator:ReUploadOperation()}{Source:小票号：1}
/*********************************** [@2017/7/28 10:05:35] ***********************************/
{Message:上传销售明细数据完毕}{Operator:Upload()}{Source:小票号：1}
/*********************************** [@2017/7/28 10:05:35] ***********************************/
{Message:前台结束操作服务端文件夹：Z:\pos01\}{Operator:Upload()}{Source:小票号：1}
/*********************************** [@2017/7/28 13:12:57] ***********************************/
{Message:后台未回收数据，准备重新上传数据}{Operator:Upload()}{Source:小票号：2}
/*********************************** [@2017/7/28 13:12:57] ***********************************/
{Message:新数据追加到 backups 表}{Operator:ReUploadOperation()}{Source:小票号：2}
/*********************************** [@2017/7/28 13:12:57] ***********************************/
{Message:导出数据到本地 DBF 文件}{Operator:ReUploadOperation()}{Source:小票号：2}
/*********************************** [@2017/7/28 13:12:57] ***********************************/
{Message:上传销售明细数据完毕}{Operator:Upload()}{Source:小票号：2}
/*********************************** [@2017/7/28 13:12:57] ***********************************/
{Message:前台结束操作服务端文件夹：Z:\pos01\}{Operator:Upload()}{Source:小票号：2}
/*********************************** [@2017/7/28 13:20:41] ***********************************/
{Message:后台未回收数据，准备重新上传数据}{Operator:Upload()}{Source:小票号：1}
/*********************************** [@2017/7/28 13:20:41] ***********************************/
{Message:新数据追加到 backups 表}{Operator:ReUploadOperation()}{Source:小票号：1}
/*********************************** [@2017/7/28 13:20:41] ***********************************/
{Message:导出数据到本地 DBF 文件}{Operator:ReUploadOperation()}{Source:小票号：1}
/*********************************** [@2017/7/28 13:20:41] ***********************************/
{Message:上传销售明细数据完毕}{Operator:Upload()}{Source:小票号：1}
/*********************************** [@2017/7/28 13:20:41] ***********************************/
{Message:前台结束操作服务端文件夹：Z:\pos01\}{Operator:Upload()}{Source:小票号：1}
/*********************************** [@2017/7/28 13:25:19] ***********************************/
{Message:更新主档discount_yhxs}{Operator:}{Source:}
/*********************************** [@2017/7/28 13:25:19] ***********************************/
{Message:更新主档promotion_pt}{Operator:}{Source:}
/*********************************** [@2017/7/28 13:33:54] ***********************************/
{Message:更新主档discount_yhxs}{Operator:}{Source:}
/*********************************** [@2017/7/28 13:33:54] ***********************************/
{Message:更新主档promotion_pt}{Operator:}{Source:}
