/*********************************** [@2017/7/27 12:49:23] ***********************************/
{Message:后台未回收数据，准备重新上传数据}{Operator:Upload()}{Source:小票号：1}
/*********************************** [@2017/7/27 12:49:23] ***********************************/
{Message:新数据追加到 backups 表}{Operator:ReUploadOperation()}{Source:小票号：1}
/*********************************** [@2017/7/27 12:49:23] ***********************************/
{Message:导出数据到本地 DBF 文件}{Operator:ReUploadOperation()}{Source:小票号：1}
/*********************************** [@2017/7/27 12:49:23] ***********************************/
{Message:上传销售明细数据完毕}{Operator:Upload()}{Source:小票号：1}
/*********************************** [@2017/7/27 12:49:23] ***********************************/
{Message:前台结束操作服务端文件夹：Z:\pos01\}{Operator:Upload()}{Source:小票号：1}
/*********************************** [@2017/7/27 13:13:50] ***********************************/
{Message:后台未回收数据，准备重新上传数据}{Operator:Upload()}{Source:小票号：1}
/*********************************** [@2017/7/27 13:13:50] ***********************************/
{Message:新数据追加到 backups 表}{Operator:ReUploadOperation()}{Source:小票号：1}
/*********************************** [@2017/7/27 13:13:50] ***********************************/
{Message:导出数据到本地 DBF 文件}{Operator:ReUploadOperation()}{Source:小票号：1}
/*********************************** [@2017/7/27 13:13:50] ***********************************/
{Message:上传销售明细数据完毕}{Operator:Upload()}{Source:小票号：1}
/*********************************** [@2017/7/27 13:13:50] ***********************************/
{Message:前台结束操作服务端文件夹：Z:\pos01\}{Operator:Upload()}{Source:小票号：1}
/*********************************** [@2017/7/27 13:20:33] ***********************************/
{Message:后台未回收数据，准备重新上传数据}{Operator:Upload()}{Source:小票号：1}
/*********************************** [@2017/7/27 13:20:33] ***********************************/
{Message:新数据追加到 backups 表}{Operator:ReUploadOperation()}{Source:小票号：1}
/*********************************** [@2017/7/27 13:20:34] ***********************************/
{Message:导出数据到本地 DBF 文件}{Operator:ReUploadOperation()}{Source:小票号：1}
/*********************************** [@2017/7/27 13:20:34] ***********************************/
{Message:上传销售明细数据完毕}{Operator:Upload()}{Source:小票号：1}
/*********************************** [@2017/7/27 13:20:34] ***********************************/
{Message:前台结束操作服务端文件夹：Z:\pos01\}{Operator:Upload()}{Source:小票号：1}
/*********************************** [@2017/7/27 13:41:27] ***********************************/
{Message:后台未回收数据，准备重新上传数据}{Operator:Upload()}{Source:小票号：1}
/*********************************** [@2017/7/27 13:41:27] ***********************************/
{Message:新数据追加到 backups 表}{Operator:ReUploadOperation()}{Source:小票号：1}
/*********************************** [@2017/7/27 13:41:27] ***********************************/
{Message:导出数据到本地 DBF 文件}{Operator:ReUploadOperation()}{Source:小票号：1}
/*********************************** [@2017/7/27 13:41:27] ***********************************/
{Message:上传销售明细数据完毕}{Operator:Upload()}{Source:小票号：1}
/*********************************** [@2017/7/27 13:41:27] ***********************************/
{Message:前台结束操作服务端文件夹：Z:\pos01\}{Operator:Upload()}{Source:小票号：1}
