/*********************************** [@2017/8/16 13:46:10] ***********************************/
{Message:无法连接服务端文件夹：Z:\pos01\，停止与后台交互}{Operator:Upload()}{Source:小票号：1}
/*********************************** [@2017/8/16 13:46:10] ***********************************/
{Message:将 backups 数据存入 unsure 表}{Operator:UnsureOperation()}{Source:小票号：1}
/*********************************** [@2017/8/16 13:46:10] ***********************************/
{Message:新数据覆盖 backups 表}{Operator:UnsureOperation()}{Source:小票号：1}
/*********************************** [@2017/8/16 13:47:50] ***********************************/
{Message:无法连接服务端文件夹：Z:\pos01\，停止与后台交互}{Operator:Upload()}{Source:小票号：1}
/*********************************** [@2017/8/16 13:47:50] ***********************************/
{Message:新数据追加到 backups 表}{Operator:UnsureOperation()}{Source:小票号：1}
/*********************************** [@2017/8/16 13:48:12] ***********************************/
{Message:无法连接服务端文件夹：Z:\pos01\，停止与后台交互}{Operator:Upload()}{Source:小票号：2}
/*********************************** [@2017/8/16 13:48:13] ***********************************/
{Message:新数据追加到 backups 表}{Operator:UnsureOperation()}{Source:小票号：2}
/*********************************** [@2017/8/16 13:48:22] ***********************************/
{Message:无法连接服务端文件夹：Z:\pos01\，停止与后台交互}{Operator:Upload()}{Source:再次确认服务端文件夹状态}
/*********************************** [@2017/8/16 13:50:12] ***********************************/
{Message:无法连接服务端文件夹：Z:\pos01\，停止与后台交互}{Operator:Upload()}{Source:小票号：3}
/*********************************** [@2017/8/16 13:50:12] ***********************************/
{Message:新数据追加到 backups 表}{Operator:UnsureOperation()}{Source:小票号：3}
/*********************************** [@2017/8/16 13:52:39] ***********************************/
{Message:无法连接服务端文件夹：Z:\pos01\，停止与后台交互}{Operator:Upload()}{Source:小票号：4}
/*********************************** [@2017/8/16 13:52:39] ***********************************/
{Message:新数据追加到 backups 表}{Operator:UnsureOperation()}{Source:小票号：4}
/*********************************** [@2017/8/16 13:54:01] ***********************************/
{Message:无法连接服务端文件夹：Z:\pos01\，停止与后台交互}{Operator:Upload()}{Source:小票号：5}
/*********************************** [@2017/8/16 13:54:01] ***********************************/
{Message:新数据追加到 backups 表}{Operator:UnsureOperation()}{Source:小票号：5}
/*********************************** [@2017/8/16 13:56:30] ***********************************/
{Message:无法连接服务端文件夹：Z:\pos01\，停止与后台交互}{Operator:Upload()}{Source:小票号：1}
/*********************************** [@2017/8/16 13:56:30] ***********************************/
{Message:新数据追加到 backups 表}{Operator:UnsureOperation()}{Source:小票号：1}
/*********************************** [@2017/8/16 14:01:37] ***********************************/
{Message:无法连接服务端文件夹：Z:\pos01\，停止与后台交互}{Operator:Upload()}{Source:小票号：1}
/*********************************** [@2017/8/16 14:01:37] ***********************************/
{Message:新数据追加到 backups 表}{Operator:UnsureOperation()}{Source:小票号：1}
/*********************************** [@2017/8/16 14:03:31] ***********************************/
{Message:无法连接服务端文件夹：Z:\pos01\，停止与后台交互}{Operator:Upload()}{Source:小票号：1}
/*********************************** [@2017/8/16 14:03:31] ***********************************/
{Message:新数据追加到 backups 表}{Operator:UnsureOperation()}{Source:小票号：1}
/*********************************** [@2017/8/16 14:04:14] ***********************************/
{Message:无法连接服务端文件夹：Z:\pos01\，停止与后台交互}{Operator:Upload()}{Source:小票号：1}
/*********************************** [@2017/8/16 14:04:14] ***********************************/
{Message:新数据追加到 backups 表}{Operator:UnsureOperation()}{Source:小票号：1}
/*********************************** [@2017/8/16 14:05:32] ***********************************/
{Message:无法连接服务端文件夹：Z:\pos01\，停止与后台交互}{Operator:Upload()}{Source:小票号：1}
/*********************************** [@2017/8/16 14:05:32] ***********************************/
{Message:新数据追加到 backups 表}{Operator:UnsureOperation()}{Source:小票号：1}
