/*********************************** [@2017/8/15 14:19:04] ***********************************/
{Message:无法连接服务端文件夹：Z:\pos01\，停止与后台交互}{Operator:Upload()}{Source:再次确认服务端文件夹状态}
/*********************************** [@2017/8/15 14:37:55] ***********************************/
{Message:无法连接服务端文件夹：Z:\pos01\，停止与后台交互}{Operator:Upload()}{Source:小票号：1}
/*********************************** [@2017/8/15 14:37:55] ***********************************/
{Message:新数据追加到 backups 表}{Operator:UnsureOperation()}{Source:小票号：1}
/*********************************** [@2017/8/15 14:38:35] ***********************************/
{Message:无法连接服务端文件夹：Z:\pos01\，停止与后台交互}{Operator:Upload()}{Source:再次确认服务端文件夹状态}
/*********************************** [@2017/8/15 14:56:54] ***********************************/
{Message:后台未回收数据，准备重新上传数据}{Operator:Upload()}{Source:再次确认服务端文件夹状态}
/*********************************** [@2017/8/15 14:56:54] ***********************************/
{Message:unsure 表数据追加到 backups 表，然后清空 unsure 表}{Operator:ReUploadOperation()}{Source:再次确认服务端文件夹状态}
/*********************************** [@2017/8/15 14:56:54] ***********************************/
{Message:导出数据到本地 DBF 文件}{Operator:ReUploadOperation()}{Source:再次确认服务端文件夹状态}
/*********************************** [@2017/8/15 14:56:54] ***********************************/
{Message:上传销售明细数据完毕}{Operator:Upload()}{Source:再次确认服务端文件夹状态}
/*********************************** [@2017/8/15 14:56:54] ***********************************/
{Message:前台结束操作服务端文件夹：Z:\pos01\}{Operator:Upload()}{Source:再次确认服务端文件夹状态}
/*********************************** [@2017/8/15 14:57:16] ***********************************/
{Message:后台未回收数据，准备重新上传数据}{Operator:Upload()}{Source:再次确认服务端文件夹状态}
/*********************************** [@2017/8/15 14:57:16] ***********************************/
{Message:导出数据到本地 DBF 文件}{Operator:ReUploadOperation()}{Source:再次确认服务端文件夹状态}
/*********************************** [@2017/8/15 14:57:16] ***********************************/
{Message:上传销售明细数据完毕}{Operator:Upload()}{Source:再次确认服务端文件夹状态}
/*********************************** [@2017/8/15 14:57:16] ***********************************/
{Message:前台结束操作服务端文件夹：Z:\pos01\}{Operator:Upload()}{Source:再次确认服务端文件夹状态}
/*********************************** [@2017/8/15 14:58:10] ***********************************/
{Message:后台未回收数据，准备重新上传数据}{Operator:Upload()}{Source:再次确认服务端文件夹状态}
/*********************************** [@2017/8/15 14:58:10] ***********************************/
{Message:导出数据到本地 DBF 文件}{Operator:ReUploadOperation()}{Source:再次确认服务端文件夹状态}
/*********************************** [@2017/8/15 14:58:10] ***********************************/
{Message:上传销售明细数据完毕}{Operator:Upload()}{Source:再次确认服务端文件夹状态}
/*********************************** [@2017/8/15 14:58:10] ***********************************/
{Message:前台结束操作服务端文件夹：Z:\pos01\}{Operator:Upload()}{Source:再次确认服务端文件夹状态}
/*********************************** [@2017/8/15 14:58:54] ***********************************/
{Message:后台未回收数据，准备重新上传数据}{Operator:Upload()}{Source:再次确认服务端文件夹状态}
/*********************************** [@2017/8/15 14:58:54] ***********************************/
{Message:导出数据到本地 DBF 文件}{Operator:ReUploadOperation()}{Source:再次确认服务端文件夹状态}
/*********************************** [@2017/8/15 14:58:54] ***********************************/
{Message:上传销售明细数据完毕}{Operator:Upload()}{Source:再次确认服务端文件夹状态}
/*********************************** [@2017/8/15 14:58:54] ***********************************/
{Message:前台结束操作服务端文件夹：Z:\pos01\}{Operator:Upload()}{Source:再次确认服务端文件夹状态}
/*********************************** [@2017/8/15 15:08:49] ***********************************/
{Message:后台未回收数据，准备重新上传数据}{Operator:Upload()}{Source:再次确认服务端文件夹状态}
/*********************************** [@2017/8/15 15:08:50] ***********************************/
{Message:导出数据到本地 DBF 文件}{Operator:ReUploadOperation()}{Source:再次确认服务端文件夹状态}
/*********************************** [@2017/8/15 15:08:50] ***********************************/
{Message:上传销售明细数据完毕}{Operator:Upload()}{Source:再次确认服务端文件夹状态}
/*********************************** [@2017/8/15 15:08:50] ***********************************/
{Message:前台结束操作服务端文件夹：Z:\pos01\}{Operator:Upload()}{Source:再次确认服务端文件夹状态}
/*********************************** [@2017/8/15 15:09:07] ***********************************/
{Message:后台未回收数据，准备重新上传数据}{Operator:Upload()}{Source:再次确认服务端文件夹状态}
/*********************************** [@2017/8/15 15:09:07] ***********************************/
{Message:导出数据到本地 DBF 文件}{Operator:ReUploadOperation()}{Source:再次确认服务端文件夹状态}
/*********************************** [@2017/8/15 15:09:07] ***********************************/
{Message:上传销售明细数据完毕}{Operator:Upload()}{Source:再次确认服务端文件夹状态}
/*********************************** [@2017/8/15 15:09:07] ***********************************/
{Message:前台结束操作服务端文件夹：Z:\pos01\}{Operator:Upload()}{Source:再次确认服务端文件夹状态}
/*********************************** [@2017/8/15 15:59:07] ***********************************/
{Message:后台未回收数据，准备重新上传数据}{Operator:Upload()}{Source:小票号：6}
/*********************************** [@2017/8/15 15:59:07] ***********************************/
{Message:新数据追加到 backups 表}{Operator:ReUploadOperation()}{Source:小票号：6}
/*********************************** [@2017/8/15 15:59:08] ***********************************/
{Message:导出数据到本地 DBF 文件}{Operator:ReUploadOperation()}{Source:小票号：6}
/*********************************** [@2017/8/15 15:59:08] ***********************************/
{Message:上传销售明细数据完毕}{Operator:Upload()}{Source:小票号：6}
/*********************************** [@2017/8/15 15:59:08] ***********************************/
{Message:前台结束操作服务端文件夹：Z:\pos01\}{Operator:Upload()}{Source:小票号：6}
/*********************************** [@2017/8/15 16:00:02] ***********************************/
{Message:后台未回收数据，准备重新上传数据}{Operator:Upload()}{Source:小票号：7}
/*********************************** [@2017/8/15 16:00:02] ***********************************/
{Message:新数据追加到 backups 表}{Operator:ReUploadOperation()}{Source:小票号：7}
/*********************************** [@2017/8/15 16:00:02] ***********************************/
{Message:导出数据到本地 DBF 文件}{Operator:ReUploadOperation()}{Source:小票号：7}
/*********************************** [@2017/8/15 16:00:03] ***********************************/
{Message:上传销售明细数据完毕}{Operator:Upload()}{Source:小票号：7}
/*********************************** [@2017/8/15 16:00:03] ***********************************/
{Message:前台结束操作服务端文件夹：Z:\pos01\}{Operator:Upload()}{Source:小票号：7}
/*********************************** [@2017/8/15 16:01:45] ***********************************/
{Message:后台未回收数据，准备重新上传数据}{Operator:Upload()}{Source:再次确认服务端文件夹状态}
/*********************************** [@2017/8/15 16:01:45] ***********************************/
{Message:导出数据到本地 DBF 文件}{Operator:ReUploadOperation()}{Source:再次确认服务端文件夹状态}
/*********************************** [@2017/8/15 16:01:45] ***********************************/
{Message:上传销售明细数据完毕}{Operator:Upload()}{Source:再次确认服务端文件夹状态}
/*********************************** [@2017/8/15 16:01:45] ***********************************/
{Message:前台结束操作服务端文件夹：Z:\pos01\}{Operator:Upload()}{Source:再次确认服务端文件夹状态}
/*********************************** [@2017/8/15 16:01:55] ***********************************/
{Message:后台未回收数据，准备重新上传数据}{Operator:Upload()}{Source:再次确认服务端文件夹状态}
/*********************************** [@2017/8/15 16:01:55] ***********************************/
{Message:导出数据到本地 DBF 文件}{Operator:ReUploadOperation()}{Source:再次确认服务端文件夹状态}
/*********************************** [@2017/8/15 16:01:55] ***********************************/
{Message:上传销售明细数据完毕}{Operator:Upload()}{Source:再次确认服务端文件夹状态}
/*********************************** [@2017/8/15 16:01:55] ***********************************/
{Message:前台结束操作服务端文件夹：Z:\pos01\}{Operator:Upload()}{Source:再次确认服务端文件夹状态}
/*********************************** [@2017/8/15 16:33:53] ***********************************/
{Message:后台未回收数据，准备重新上传数据}{Operator:Upload()}{Source:小票号：9}
/*********************************** [@2017/8/15 16:33:54] ***********************************/
{Message:新数据追加到 backups 表}{Operator:ReUploadOperation()}{Source:小票号：9}
/*********************************** [@2017/8/15 16:33:54] ***********************************/
{Message:导出数据到本地 DBF 文件}{Operator:ReUploadOperation()}{Source:小票号：9}
/*********************************** [@2017/8/15 16:33:54] ***********************************/
{Message:上传销售明细数据完毕}{Operator:Upload()}{Source:小票号：9}
/*********************************** [@2017/8/15 16:33:54] ***********************************/
{Message:前台结束操作服务端文件夹：Z:\pos01\}{Operator:Upload()}{Source:小票号：9}
