/*********************************** [@2017/7/26 14:06:56] ***********************************/
{Message:无法连接服务端文件夹：Z:\pos01\，停止与后台交互}{Operator:Upload()}{Source:小票号：1}
/*********************************** [@2017/7/26 14:06:56] ***********************************/
{Message:将 backups 数据存入 unsure 表}{Operator:UnsureOperation()}{Source:小票号：1}
/*********************************** [@2017/7/26 14:06:56] ***********************************/
{Message:新数据覆盖 backups 表}{Operator:UnsureOperation()}{Source:小票号：1}
/*********************************** [@2017/7/26 15:53:08] ***********************************/
{Message:更新主档discount_yhxs}{Operator:}{Source:}
/*********************************** [@2017/7/26 15:53:20] ***********************************/
{Message:更新主档promotion_pt}{Operator:}{Source:}
/*********************************** [@2017/7/26 19:15:50] ***********************************/
{Message:后台未回收数据，准备重新上传数据}{Operator:Upload()}{Source:小票号：2}
/*********************************** [@2017/7/26 19:15:50] ***********************************/
{Message:新数据追加到 backups 表}{Operator:ReUploadOperation()}{Source:小票号：2}
/*********************************** [@2017/7/26 19:15:50] ***********************************/
{Message:unsure 表数据追加到 backups 表，然后清空 unsure 表}{Operator:ReUploadOperation()}{Source:小票号：2}
/*********************************** [@2017/7/26 19:15:50] ***********************************/
{Message:导出数据到本地 DBF 文件}{Operator:ReUploadOperation()}{Source:小票号：2}
/*********************************** [@2017/7/26 19:15:51] ***********************************/
{Message:上传销售明细数据完毕}{Operator:Upload()}{Source:小票号：2}
/*********************************** [@2017/7/26 19:15:51] ***********************************/
{Message:前台结束操作服务端文件夹：Z:\pos01\}{Operator:Upload()}{Source:小票号：2}
