
----------------------------------------------------------
票号:00000001   机号:0001   
----------------------------------------------------------
品名/货号	数量   单价   小计
手擀乌冬面200g
031477		1    5.00    5.00
----------------------------------------------------------
总计件数: 1	 总计原价: 5.00
优惠：      0
抹零：      0.00
总计：      5

刷卡支付：	0
现金支付：	5
找零：		0
收款员:01

----------------------------------------------------------

     请当面点清所购商品和找零，    
            并妥善保管此单据，   
         谢谢惠顾,欢迎下次光临。   

时间：2017/8/16 13:46:09



----------------------------------------------------------
票号:00000001   机号:0001   
----------------------------------------------------------
品名/货号	数量   单价   小计
手擀乌冬面200g
031477		1    5.00    5.00
----------------------------------------------------------
总计件数: 1	 总计原价: 5.00
优惠：      0
抹零：      0.00
总计：      5

刷卡支付：	0
现金支付：	5
找零：		0
收款员:01

----------------------------------------------------------

     请当面点清所购商品和找零，    
            并妥善保管此单据，   
         谢谢惠顾,欢迎下次光临。   

时间：2017/8/16 13:47:49



----------------------------------------------------------
票号:00000002   机号:0001   
----------------------------------------------------------
品名/货号	数量   单价   小计
手擀乌冬面200g
031477		1    5.00    5.00
----------------------------------------------------------
总计件数: 1	 总计原价: 5.00
优惠：      0
抹零：      0.00
总计：      5

刷卡支付：	0
现金支付：	5
找零：		0
收款员:01

----------------------------------------------------------

     请当面点清所购商品和找零，    
            并妥善保管此单据，   
         谢谢惠顾,欢迎下次光临。   

时间：2017/8/16 13:48:12



----------------------------------------------------------
票号:00000003   机号:0001   
----------------------------------------------------------
品名/货号	数量   单价   小计
手擀乌冬面200g
031477		1    5.00    5.00
----------------------------------------------------------
总计件数: 1	 总计原价: 5.00
优惠：      0
抹零：      0.00
总计：      5

刷卡支付：	0
现金支付：	5
找零：		0
收款员:01

----------------------------------------------------------

     请当面点清所购商品和找零，    
            并妥善保管此单据，   
         谢谢惠顾,欢迎下次光临。   

时间：2017/8/16 13:50:12



----------------------------------------------------------
票号:00000004   机号:0001   
----------------------------------------------------------
品名/货号	数量   单价   小计
手擀乌冬面200g
031477		1    5.00    5.00
----------------------------------------------------------
总计件数: 1	 总计原价: 5.00
优惠：      0
抹零：      0.00
总计：      5

刷卡支付：	0
现金支付：	5
找零：		0
收款员:01

----------------------------------------------------------

     请当面点清所购商品和找零，    
            并妥善保管此单据，   
         谢谢惠顾,欢迎下次光临。   

时间：2017/8/16 13:52:39



----------------------------------------------------------
票号:00000005   机号:0001   
----------------------------------------------------------
品名/货号	数量   单价   小计
手擀乌冬面200g
031477		1    5.00    5.00
----------------------------------------------------------
总计件数: 1	 总计原价: 5.00
优惠：      0
抹零：      0.00
总计：      5

刷卡支付：	0
现金支付：	5
找零：		0
收款员:01

----------------------------------------------------------

     请当面点清所购商品和找零，    
            并妥善保管此单据，   
         谢谢惠顾,欢迎下次光临。   

时间：2017/8/16 13:54:01



----------------------------------------------------------
票号:00000001   机号:0001   
----------------------------------------------------------
品名/货号	数量   单价   小计
手擀乌冬面200g
031477		1    5.00    5.00
----------------------------------------------------------
总计件数: 1	 总计原价: 5.00
优惠：      0
抹零：      0.00
总计：      5

刷卡支付：	0
现金支付：	5
找零：		0
收款员:01

----------------------------------------------------------

     请当面点清所购商品和找零，    
            并妥善保管此单据，   
         谢谢惠顾,欢迎下次光临。   

时间：2017/8/16 13:56:29



----------------------------------------------------------
票号:00000001   机号:0001   
----------------------------------------------------------
品名/货号	数量   单价   小计
手擀乌冬面200g
031477		1    5.00    5.00
----------------------------------------------------------
总计件数: 1	 总计原价: 5.00
优惠：      0
抹零：      0.00
总计：      5

刷卡支付：	0
现金支付：	5
找零：		0
收款员:01

----------------------------------------------------------

     请当面点清所购商品和找零，    
            并妥善保管此单据，   
         谢谢惠顾,欢迎下次光临。   

时间：2017/8/16 14:01:36



----------------------------------------------------------
票号:00000001   机号:0001   
----------------------------------------------------------
品名/货号	数量   单价   小计
手擀乌冬面200g
031477		1    5.00    5.00
----------------------------------------------------------
总计件数: 1	 总计原价: 5.00
优惠：      0
抹零：      0.00
总计：      5

刷卡支付：	0
现金支付：	5
找零：		0
收款员:01

----------------------------------------------------------

     请当面点清所购商品和找零，    
            并妥善保管此单据，   
         谢谢惠顾,欢迎下次光临。   

时间：2017/8/16 14:03:31



----------------------------------------------------------
票号:00000001   机号:0001   
----------------------------------------------------------
品名/货号	数量   单价   小计
手擀乌冬面200g
031477		1    5.00    5.00
----------------------------------------------------------
总计件数: 1	 总计原价: 5.00
优惠：      0
抹零：      0.00
总计：      5

刷卡支付：	0
现金支付：	5
找零：		0
收款员:01

----------------------------------------------------------

     请当面点清所购商品和找零，    
            并妥善保管此单据，   
         谢谢惠顾,欢迎下次光临。   

时间：2017/8/16 14:04:13



----------------------------------------------------------
票号:00000001   机号:0001   
----------------------------------------------------------
品名/货号	数量   单价   小计
手擀乌冬面200g
031477		1    5.00    5.00
----------------------------------------------------------
总计件数: 1	 总计原价: 5.00
优惠：      0
抹零：      0.00
总计：      5

刷卡支付：	0
现金支付：	5
找零：		0
收款员:01

----------------------------------------------------------

     请当面点清所购商品和找零，    
            并妥善保管此单据，   
         谢谢惠顾,欢迎下次光临。   

时间：2017/8/16 14:05:31


