
----------------------------------------------------------
票号:00000002   机号:0001   
----------------------------------------------------------
品名/货号	数量   单价   小计
味都鸡蛋挂面
000459		2    6.50    13.00
味都龙须面
000480		1    9.50    9.50
----------------------------------------------------------
总计件数: 3	 总计原价: 22.50
优惠：      2.0
抹零：      0.00
总计：      20.5

刷卡支付：	0
现金支付：	20.5
找零：		0.0
收款员:01

----------------------------------------------------------

     请当面点清所购商品和找零，    
            并妥善保管此单据，   
         谢谢惠顾,欢迎下次光临。   

时间：2017/8/2 9:53:16


