
----------------------------------------------------------
票号:00000001   机号:0001   
----------------------------------------------------------
品名/货号	数量   单价   小计
500G美国红肉核桃
036137		1    84.00    75.60
亨氏微辣番茄酱
013176		1    21.00    21.00
亨氏海鲜调味酱
013169		1    21.70    21.70
----------------------------------------------------------
总计件数: 3	 总计原价: 118.30
优惠：      0
抹零：      0.00
总计：      118.3

刷卡支付：	0
现金支付：	118.5
找零：		0.2
收款员:01

----------------------------------------------------------

     请当面点清所购商品和找零，    
            并妥善保管此单据，   
         谢谢惠顾,欢迎下次光临。   

时间：2017/7/27 13:13:49



----------------------------------------------------------
票号:00000001   机号:0001   
----------------------------------------------------------
品名/货号	数量   单价   小计
500G美国红肉核桃
036137		1    84.00    75.60
亨氏微辣番茄酱
013176		1    21.00    21.00
亨氏海鲜调味酱
013169		1    21.70    21.70
----------------------------------------------------------
总计件数: 3	 总计原价: 118.30
优惠：      8.4
抹零：      0.00
总计：      118.3

刷卡支付：	0
现金支付：	118.5
找零：		0.2
收款员:01

----------------------------------------------------------

     请当面点清所购商品和找零，    
            并妥善保管此单据，   
         谢谢惠顾,欢迎下次光临。   

时间：2017/7/27 13:20:33



----------------------------------------------------------
票号:00000001   机号:0001   
----------------------------------------------------------
品名/货号	数量   单价   小计
500G美国红肉核桃
036137		1    84.00    75.60
亨氏海鲜调味酱
013169		1    21.70    21.70
亨氏微辣番茄酱
013176		1    21.00    21.00
----------------------------------------------------------
总计件数: 3	 总计原价: 118.30
优惠：      0
抹零：      0.00
总计：      118.3

刷卡支付：	0
现金支付：	118.5
找零：		0.2
收款员:01

----------------------------------------------------------

     请当面点清所购商品和找零，    
            并妥善保管此单据，   
         谢谢惠顾,欢迎下次光临。   

时间：2017/7/27 13:41:26


