
----------------------------------------------------------
票号:00000001   机号:0001   
----------------------------------------------------------
品名/货号	数量   单价   小计
手擀乌冬面200g
031477		3    5.00    15.00
----------------------------------------------------------
总计件数: 3	 总计原价: 15.00
优惠：      0
抹零：      0.00
总计：      15

刷卡支付：	0
现金支付：	20.0
找零：		5.0
收款员:01

----------------------------------------------------------

     请当面点清所购商品和找零，    
            并妥善保管此单据，   
         谢谢惠顾,欢迎下次光临。   

时间：2017/8/15 14:37:55



----------------------------------------------------------
票号:00000006   机号:0001   
----------------------------------------------------------
品名/货号	数量   单价   小计
星巴克原味
003566		5    14.90    74.50
----------------------------------------------------------
总计件数: 5	 总计原价: 74.50
优惠：      0
抹零：      0.00
总计：      74.5

刷卡支付：	0
现金支付：	100.0
找零：		25.5
收款员:01

----------------------------------------------------------

     请当面点清所购商品和找零，    
            并妥善保管此单据，   
         谢谢惠顾,欢迎下次光临。   

时间：2017/8/15 15:59:07



----------------------------------------------------------
票号:00000007   机号:0001   
----------------------------------------------------------
品名/货号	数量   单价   小计
星巴克香草味
003573		3    14.90    44.70
----------------------------------------------------------
总计件数: 3	 总计原价: 44.70
优惠：      0
抹零：      0.00
总计：      44.7

刷卡支付：	44.7
现金支付：	0.0
找零：		0.0
收款员:01

----------------------------------------------------------

     请当面点清所购商品和找零，    
            并妥善保管此单据，   
         谢谢惠顾,欢迎下次光临。   

时间：2017/8/15 16:00:02



----------------------------------------------------------
票号:00000009   机号:0001   
----------------------------------------------------------
品名/货号	数量   单价   小计
星巴克原味
003566		2    14.90    23.84
----------------------------------------------------------
总计件数: 2	 总计原价: 23.84
优惠：      0
抹零：      0.04
总计：      23.8

刷卡支付：	0
现金支付：	30
找零：		6.2
收款员:01

----------------------------------------------------------

     请当面点清所购商品和找零，    
            并妥善保管此单据，   
         谢谢惠顾,欢迎下次光临。   

时间：2017/8/15 16:33:53


